2022-05-16 12:05:609 INFO  ManageDriver :31 - Launching Chrome Browser
2022-05-16 12:05:237 INFO  HomePage :62 - Click on sign link : [[ChromeDriver: chrome on WINDOWS (550a8b2ce0739af76e638d1bc06d8c6a)] -> partial link text: Sign]
2022-05-16 12:05:304 INFO  SignInPage :73 - Verify authentication text : [[ChromeDriver: chrome on WINDOWS (550a8b2ce0739af76e638d1bc06d8c6a)] -> xpath: //h1[contains(text(),'Authentication')]]
2022-05-16 12:05:761 INFO  ManageDriver :31 - Launching Chrome Browser
2022-05-16 13:05:175 INFO  HomePage :62 - Click on sign link : [[ChromeDriver: chrome on WINDOWS (dad9aa341389483502debccb95c18527)] -> partial link text: Sign]
2022-05-16 13:05:243 INFO  SignInPage :73 - Verify authentication text : [[ChromeDriver: chrome on WINDOWS (dad9aa341389483502debccb95c18527)] -> xpath: //h1[contains(text(),'Authentication')]]
2022-05-16 13:05:879 INFO  ManageDriver :31 - Launching Chrome Browser
2022-05-16 13:05:980 INFO  HomePage :62 - Click on sign link : [[ChromeDriver: chrome on WINDOWS (1788f2afd4438c1e97fd6e3c4ba21c9f)] -> partial link text: Sign]
2022-05-16 13:05:73 INFO  SignInPage :63 - Enter email : [[ChromeDriver: chrome on WINDOWS (1788f2afd4438c1e97fd6e3c4ba21c9f)] -> xpath: //input[@id='email']]
2022-05-16 13:05:178 INFO  SignInPage :68 - Enter password : [[ChromeDriver: chrome on WINDOWS (1788f2afd4438c1e97fd6e3c4ba21c9f)] -> xpath: //input[@id='passwd']]
2022-05-16 13:05:470 INFO  SignInPage :73 - Click on  log in button : [[ChromeDriver: chrome on WINDOWS (1788f2afd4438c1e97fd6e3c4ba21c9f)] -> xpath: //i[@class='icon-lock left']]
2022-05-16 13:05:554 INFO  SignInPage :52 - Verify error message : Proxy element for: DefaultElementLocator 'By.xpath: //div[@class='message-error validation-summary-errors']'
2022-05-16 13:05:822 INFO  ManageDriver :31 - Launching Chrome Browser
2022-05-16 13:05:751 INFO  HomePage :62 - Click on sign link : [[ChromeDriver: chrome on WINDOWS (989898bf16e10d65d62c54226f58d1d5)] -> partial link text: Sign]
2022-05-16 13:05:901 INFO  SignInPage :63 - Enter email : [[ChromeDriver: chrome on WINDOWS (989898bf16e10d65d62c54226f58d1d5)] -> xpath: //input[@id='email']]
2022-05-16 13:05:01 INFO  SignInPage :68 - Enter password : [[ChromeDriver: chrome on WINDOWS (989898bf16e10d65d62c54226f58d1d5)] -> xpath: //input[@id='passwd']]
2022-05-16 13:05:564 INFO  SignInPage :73 - Click on  log in button : [[ChromeDriver: chrome on WINDOWS (989898bf16e10d65d62c54226f58d1d5)] -> xpath: //i[@class='icon-lock left']]
2022-05-16 13:05:630 INFO  SignInPage :52 - Verify error message : Proxy element for: DefaultElementLocator 'By.xpath: //div[@class='message-error validation-summary-errors']'
2022-05-16 13:05:997 INFO  ManageDriver :31 - Launching Chrome Browser
2022-05-16 13:05:550 INFO  HomePage :62 - Click on sign link : [[ChromeDriver: chrome on WINDOWS (d801d064296e39df8d563556b0ac21e0)] -> partial link text: Sign]
2022-05-16 13:05:759 INFO  SignInPage :63 - Enter email : [[ChromeDriver: chrome on WINDOWS (d801d064296e39df8d563556b0ac21e0)] -> xpath: //input[@id='email']]
2022-05-16 13:05:872 INFO  SignInPage :68 - Enter password : [[ChromeDriver: chrome on WINDOWS (d801d064296e39df8d563556b0ac21e0)] -> xpath: //input[@id='passwd']]
2022-05-16 13:05:922 INFO  SignInPage :73 - Click on  log in button : [[ChromeDriver: chrome on WINDOWS (d801d064296e39df8d563556b0ac21e0)] -> xpath: //i[@class='icon-lock left']]
2022-05-16 13:05:05 INFO  SignInPage :52 - Verify error message : Proxy element for: DefaultElementLocator 'By.xpath: //div[@class='message-error validation-summary-errors']'
2022-05-16 13:05:351 INFO  ManageDriver :31 - Launching Chrome Browser
2022-05-16 13:05:128 INFO  HomePage :62 - Click on sign link : [[ChromeDriver: chrome on WINDOWS (bda6f328f5d358a71b6b6f8d5436a386)] -> partial link text: Sign]
2022-05-16 13:05:246 INFO  SignInPage :63 - Enter email : [[ChromeDriver: chrome on WINDOWS (bda6f328f5d358a71b6b6f8d5436a386)] -> xpath: //input[@id='email']]
2022-05-16 13:05:353 INFO  SignInPage :68 - Enter password : [[ChromeDriver: chrome on WINDOWS (bda6f328f5d358a71b6b6f8d5436a386)] -> xpath: //input[@id='passwd']]
2022-05-16 13:05:813 INFO  SignInPage :73 - Click on  log in button : [[ChromeDriver: chrome on WINDOWS (bda6f328f5d358a71b6b6f8d5436a386)] -> xpath: //i[@class='icon-lock left']]
2022-05-16 13:05:890 INFO  SignInPage :52 - Verify error message : Proxy element for: DefaultElementLocator 'By.xpath: //div[@class='message-error validation-summary-errors']'
2022-05-16 13:05:189 INFO  ManageDriver :31 - Launching Chrome Browser
2022-05-16 13:05:756 INFO  HomePage :62 - Click on sign link : [[ChromeDriver: chrome on WINDOWS (635d0a3dd5c719c73380784a4abd3422)] -> partial link text: Sign]
2022-05-16 13:05:992 INFO  SignInPage :63 - Enter email : [[ChromeDriver: chrome on WINDOWS (635d0a3dd5c719c73380784a4abd3422)] -> xpath: //input[@id='email']]
2022-05-16 13:05:252 INFO  SignInPage :68 - Enter password : [[ChromeDriver: chrome on WINDOWS (635d0a3dd5c719c73380784a4abd3422)] -> xpath: //input[@id='passwd']]
2022-05-16 13:05:919 INFO  SignInPage :73 - Click on  log in button : [[ChromeDriver: chrome on WINDOWS (635d0a3dd5c719c73380784a4abd3422)] -> xpath: //i[@class='icon-lock left']]
2022-05-16 13:05:977 INFO  SignInPage :52 - Verify error message : [[ChromeDriver: chrome on WINDOWS (635d0a3dd5c719c73380784a4abd3422)] -> xpath: //div[@class='alert alert-danger']//li]
2022-05-16 13:05:921 INFO  ManageDriver :31 - Launching Chrome Browser
2022-05-16 13:05:603 INFO  HomePage :62 - Click on sign link : [[ChromeDriver: chrome on WINDOWS (d9d79711463c2723cb253dccd5282cd4)] -> partial link text: Sign]
2022-05-16 13:05:743 INFO  SignInPage :63 - Enter email : [[ChromeDriver: chrome on WINDOWS (d9d79711463c2723cb253dccd5282cd4)] -> xpath: //input[@id='email']]
2022-05-16 13:05:832 INFO  SignInPage :68 - Enter password : [[ChromeDriver: chrome on WINDOWS (d9d79711463c2723cb253dccd5282cd4)] -> xpath: //input[@id='passwd']]
2022-05-16 13:05:724 INFO  SignInPage :73 - Click on  log in button : [[ChromeDriver: chrome on WINDOWS (d9d79711463c2723cb253dccd5282cd4)] -> xpath: //i[@class='icon-lock left']]
2022-05-16 13:05:817 INFO  SignInPage :52 - Verify error message : [[ChromeDriver: chrome on WINDOWS (d9d79711463c2723cb253dccd5282cd4)] -> xpath: //div[@class='alert alert-danger']//li]
2022-05-16 13:05:725 INFO  ManageDriver :31 - Launching Chrome Browser
2022-05-16 13:05:487 INFO  HomePage :62 - Click on sign link : [[ChromeDriver: chrome on WINDOWS (0a7b8da9b20f7a16cea197f270fbaf3c)] -> partial link text: Sign]
2022-05-16 13:05:723 INFO  SignInPage :63 - Enter email : [[ChromeDriver: chrome on WINDOWS (0a7b8da9b20f7a16cea197f270fbaf3c)] -> xpath: //input[@id='email']]
2022-05-16 13:05:987 INFO  SignInPage :68 - Enter password : [[ChromeDriver: chrome on WINDOWS (0a7b8da9b20f7a16cea197f270fbaf3c)] -> xpath: //input[@id='passwd']]
2022-05-16 13:05:722 INFO  SignInPage :73 - Click on  log in button : [[ChromeDriver: chrome on WINDOWS (0a7b8da9b20f7a16cea197f270fbaf3c)] -> xpath: //i[@class='icon-lock left']]
2022-05-16 13:05:780 INFO  SignInPage :52 - Verify error message : [[ChromeDriver: chrome on WINDOWS (0a7b8da9b20f7a16cea197f270fbaf3c)] -> xpath: //div[@class='alert alert-danger']//li]
2022-05-16 13:05:719 INFO  ManageDriver :31 - Launching Chrome Browser
2022-05-16 13:05:921 INFO  HomePage :62 - Click on sign link : [[ChromeDriver: chrome on WINDOWS (9055b3e68a124fb3e83f2d2d41640e05)] -> partial link text: Sign]
2022-05-16 13:05:186 INFO  SignInPage :63 - Enter email : [[ChromeDriver: chrome on WINDOWS (9055b3e68a124fb3e83f2d2d41640e05)] -> xpath: //input[@id='email']]
2022-05-16 13:05:434 INFO  SignInPage :68 - Enter password : [[ChromeDriver: chrome on WINDOWS (9055b3e68a124fb3e83f2d2d41640e05)] -> xpath: //input[@id='passwd']]
2022-05-16 13:05:315 INFO  SignInPage :73 - Click on  log in button : [[ChromeDriver: chrome on WINDOWS (9055b3e68a124fb3e83f2d2d41640e05)] -> xpath: //i[@class='icon-lock left']]
2022-05-16 13:05:368 INFO  SignInPage :52 - Verify error message : [[ChromeDriver: chrome on WINDOWS (9055b3e68a124fb3e83f2d2d41640e05)] -> xpath: //div[@class='alert alert-danger']//li]
2022-05-16 14:05:471 INFO  ManageDriver :31 - Launching Chrome Browser
2022-05-16 14:05:440 INFO  HomePage :62 - Click on sign link : [[ChromeDriver: chrome on WINDOWS (e6a3d97bf425c321eea99ff870df2c5c)] -> partial link text: Sign]
2022-05-16 14:05:579 INFO  SignInPage :63 - Enter email : [[ChromeDriver: chrome on WINDOWS (e6a3d97bf425c321eea99ff870df2c5c)] -> xpath: //input[@id='email']]
2022-05-16 14:05:686 INFO  SignInPage :68 - Enter password : [[ChromeDriver: chrome on WINDOWS (e6a3d97bf425c321eea99ff870df2c5c)] -> xpath: //input[@id='passwd']]
2022-05-16 14:05:807 INFO  SignInPage :73 - Click on  log in button : [[ChromeDriver: chrome on WINDOWS (e6a3d97bf425c321eea99ff870df2c5c)] -> xpath: //i[@class='icon-lock left']]
2022-05-16 14:05:848 INFO  CreateAccountPage :104 - Verify my sign out link is displayed : [[ChromeDriver: chrome on WINDOWS (e6a3d97bf425c321eea99ff870df2c5c)] -> link text: Sign out]
2022-05-16 14:05:643 INFO  ManageDriver :31 - Launching Chrome Browser
2022-05-16 14:05:652 INFO  HomePage :62 - Click on sign link : [[ChromeDriver: chrome on WINDOWS (97305bc8a10a556ef8734dd955db7e46)] -> partial link text: Sign]
2022-05-16 14:05:771 INFO  SignInPage :63 - Enter email : [[ChromeDriver: chrome on WINDOWS (97305bc8a10a556ef8734dd955db7e46)] -> xpath: //input[@id='email']]
2022-05-16 14:05:888 INFO  SignInPage :68 - Enter password : [[ChromeDriver: chrome on WINDOWS (97305bc8a10a556ef8734dd955db7e46)] -> xpath: //input[@id='passwd']]
2022-05-16 14:05:341 INFO  SignInPage :73 - Click on  log in button : [[ChromeDriver: chrome on WINDOWS (97305bc8a10a556ef8734dd955db7e46)] -> xpath: //i[@class='icon-lock left']]
2022-05-16 14:05:448 INFO  CreateAccountPage :109 - Click on sign out link [[ChromeDriver: chrome on WINDOWS (97305bc8a10a556ef8734dd955db7e46)] -> link text: Sign out]
2022-05-16 14:05:495 INFO  HomePage :41 - Verify sign link is displayed : [[ChromeDriver: chrome on WINDOWS (97305bc8a10a556ef8734dd955db7e46)] -> partial link text: Sign]
2022-05-16 14:05:14 INFO  ManageDriver :31 - Launching Chrome Browser
2022-05-16 14:05:517 INFO  HomePage :62 - Click on sign link : [[ChromeDriver: chrome on WINDOWS (1e10470e03cca6895dadc4c144fe469e)] -> partial link text: Sign]
2022-05-16 14:05:602 INFO  SignInPage :58 - Enter email to create an account email field : [[ChromeDriver: chrome on WINDOWS (1e10470e03cca6895dadc4c144fe469e)] -> xpath: //input[@id='email_create']]
2022-05-16 14:05:667 INFO  SignInPage :78 - Click on create account button : [[ChromeDriver: chrome on WINDOWS (1e10470e03cca6895dadc4c144fe469e)] -> xpath: //button[@id='SubmitCreate']]
2022-05-16 14:05:74 INFO  ManageDriver :31 - Launching Chrome Browser
2022-05-16 14:05:687 INFO  ManageDriver :31 - Launching Chrome Browser
2022-05-16 14:05:396 INFO  HomePage :62 - Click on sign link : [[ChromeDriver: chrome on WINDOWS (00366fadffc7ea7f9eea26d9e199563d)] -> partial link text: Sign]
2022-05-16 14:05:479 INFO  SignInPage :58 - Enter email to create an account email field : [[ChromeDriver: chrome on WINDOWS (00366fadffc7ea7f9eea26d9e199563d)] -> xpath: //input[@id='email_create']]
2022-05-16 14:05:544 INFO  SignInPage :78 - Click on create account button : [[ChromeDriver: chrome on WINDOWS (00366fadffc7ea7f9eea26d9e199563d)] -> xpath: //button[@id='SubmitCreate']]
2022-05-16 14:05:495 INFO  CreateAccountPage :203 - Click on male radio button : [[ChromeDriver: chrome on WINDOWS (00366fadffc7ea7f9eea26d9e199563d)] -> xpath: //div[@id='uniform-id_gender1']]
2022-05-16 14:05:570 INFO  CreateAccountPage :155 - Enter first name : [[ChromeDriver: chrome on WINDOWS (00366fadffc7ea7f9eea26d9e199563d)] -> xpath: //input[@id='firstname']]
2022-05-16 14:05:635 INFO  CreateAccountPage :150 - Enter last name : [[ChromeDriver: chrome on WINDOWS (00366fadffc7ea7f9eea26d9e199563d)] -> xpath: //input[@id='lastname']]
2022-05-16 14:05:700 INFO  CreateAccountPage :188 - Enter password : [[ChromeDriver: chrome on WINDOWS (00366fadffc7ea7f9eea26d9e199563d)] -> xpath: //input[@id='passwd']]
2022-05-16 14:05:844 INFO  CreateAccountPage :183 - Select day from dropdown : [[ChromeDriver: chrome on WINDOWS (00366fadffc7ea7f9eea26d9e199563d)] -> xpath: //select[@id='days']]
2022-05-16 14:05:964 INFO  ManageDriver :31 - Launching Chrome Browser
2022-05-16 14:05:513 INFO  HomePage :62 - Click on sign link : [[ChromeDriver: chrome on WINDOWS (1087b1b348425a62463f06d086368194)] -> partial link text: Sign]
2022-05-16 14:05:592 INFO  SignInPage :63 - Enter email : [[ChromeDriver: chrome on WINDOWS (1087b1b348425a62463f06d086368194)] -> xpath: //input[@id='email']]
2022-05-16 14:05:663 INFO  SignInPage :68 - Enter password : [[ChromeDriver: chrome on WINDOWS (1087b1b348425a62463f06d086368194)] -> xpath: //input[@id='passwd']]
2022-05-16 14:05:927 INFO  SignInPage :73 - Click on  log in button : [[ChromeDriver: chrome on WINDOWS (1087b1b348425a62463f06d086368194)] -> xpath: //i[@class='icon-lock left']]
2022-05-16 14:05:74 INFO  CreateAccountPage :109 - Click on sign out link [[ChromeDriver: chrome on WINDOWS (1087b1b348425a62463f06d086368194)] -> link text: Sign out]
2022-05-16 14:05:91 INFO  HomePage :41 - Verify sign link is displayed : [[ChromeDriver: chrome on WINDOWS (1087b1b348425a62463f06d086368194)] -> partial link text: Sign]
2022-05-16 14:05:751 INFO  ManageDriver :31 - Launching Chrome Browser
2022-05-16 14:05:312 INFO  HomePage :62 - Click on sign link : [[ChromeDriver: chrome on WINDOWS (26bc9520fd61881ac0f0e7b3320ec3dc)] -> partial link text: Sign]
2022-05-16 14:05:398 INFO  SignInPage :58 - Enter email to create an account email field : [[ChromeDriver: chrome on WINDOWS (26bc9520fd61881ac0f0e7b3320ec3dc)] -> xpath: //input[@id='email_create']]
2022-05-16 14:05:457 INFO  SignInPage :78 - Click on create account button : [[ChromeDriver: chrome on WINDOWS (26bc9520fd61881ac0f0e7b3320ec3dc)] -> xpath: //button[@id='SubmitCreate']]
2022-05-16 14:05:412 INFO  CreateAccountPage :203 - Click on male radio button : [[ChromeDriver: chrome on WINDOWS (26bc9520fd61881ac0f0e7b3320ec3dc)] -> xpath: //div[@id='uniform-id_gender1']]
2022-05-16 14:05:496 INFO  CreateAccountPage :155 - Enter first name : [[ChromeDriver: chrome on WINDOWS (26bc9520fd61881ac0f0e7b3320ec3dc)] -> xpath: //input[@id='firstname']]
2022-05-16 14:05:557 INFO  CreateAccountPage :150 - Enter last name : [[ChromeDriver: chrome on WINDOWS (26bc9520fd61881ac0f0e7b3320ec3dc)] -> xpath: //input[@id='lastname']]
2022-05-16 14:05:626 INFO  CreateAccountPage :188 - Enter password : [[ChromeDriver: chrome on WINDOWS (26bc9520fd61881ac0f0e7b3320ec3dc)] -> xpath: //input[@id='passwd']]
2022-05-16 14:05:771 INFO  CreateAccountPage :183 - Select day from dropdown : [[ChromeDriver: chrome on WINDOWS (26bc9520fd61881ac0f0e7b3320ec3dc)] -> xpath: //select[@id='days']]
2022-05-16 15:05:76 INFO  ManageDriver :31 - Launching Chrome Browser
2022-05-16 15:05:517 INFO  HomePage :62 - Click on sign link : [[ChromeDriver: chrome on WINDOWS (602e55e4fc025ebe4764a0135cc5e9e9)] -> partial link text: Sign]
2022-05-16 15:05:611 INFO  SignInPage :58 - Enter email to create an account email field : [[ChromeDriver: chrome on WINDOWS (602e55e4fc025ebe4764a0135cc5e9e9)] -> xpath: //input[@id='email_create']]
2022-05-16 15:05:669 INFO  SignInPage :78 - Click on create account button : [[ChromeDriver: chrome on WINDOWS (602e55e4fc025ebe4764a0135cc5e9e9)] -> xpath: //button[@id='SubmitCreate']]
2022-05-16 15:05:595 INFO  CreateAccountPage :203 - Click on male radio button : [[ChromeDriver: chrome on WINDOWS (602e55e4fc025ebe4764a0135cc5e9e9)] -> xpath: //div[@id='uniform-id_gender1']]
2022-05-16 15:05:675 INFO  CreateAccountPage :155 - Enter first name : [[ChromeDriver: chrome on WINDOWS (602e55e4fc025ebe4764a0135cc5e9e9)] -> xpath: //input[@id='firstname']]
2022-05-16 15:05:740 INFO  CreateAccountPage :150 - Enter last name : [[ChromeDriver: chrome on WINDOWS (602e55e4fc025ebe4764a0135cc5e9e9)] -> xpath: //input[@id='lastname']]
2022-05-16 15:05:806 INFO  CreateAccountPage :188 - Enter password : [[ChromeDriver: chrome on WINDOWS (602e55e4fc025ebe4764a0135cc5e9e9)] -> xpath: //input[@id='passwd']]
2022-05-16 15:05:954 INFO  CreateAccountPage :183 - Select day from dropdown : [[ChromeDriver: chrome on WINDOWS (602e55e4fc025ebe4764a0135cc5e9e9)] -> xpath: //select[@id='days']]
2022-05-16 15:05:85 INFO  CreateAccountPage :171 - Select month from dropdown : [[ChromeDriver: chrome on WINDOWS (602e55e4fc025ebe4764a0135cc5e9e9)] -> xpath: //select[@id='months']]
2022-05-16 15:05:239 INFO  CreateAccountPage :177 - Select year from dropdown : [[ChromeDriver: chrome on WINDOWS (602e55e4fc025ebe4764a0135cc5e9e9)] -> xpath: //select[@id='years']]
2022-05-16 15:05:331 INFO  CreateAccountPage :165 - Click on news letter check box : [[ChromeDriver: chrome on WINDOWS (602e55e4fc025ebe4764a0135cc5e9e9)] -> xpath: //input[@id='newsletter']]
2022-05-16 15:05:377 INFO  CreateAccountPage :160 - Click on special offer check box : [[ChromeDriver: chrome on WINDOWS (602e55e4fc025ebe4764a0135cc5e9e9)] -> xpath: //input[@id='optin']]
2022-05-16 15:05:435 INFO  CreateAccountPage :145 - Enter address : [[ChromeDriver: chrome on WINDOWS (602e55e4fc025ebe4764a0135cc5e9e9)] -> css selector: #address1]
2022-05-16 15:05:499 INFO  CreateAccountPage :140 - Enter city name : [[ChromeDriver: chrome on WINDOWS (602e55e4fc025ebe4764a0135cc5e9e9)] -> xpath: //input[@id='city']]
2022-05-16 15:05:62 INFO  ManageDriver :31 - Launching Chrome Browser
2022-05-16 15:05:291 INFO  HomePage :62 - Click on sign link : [[ChromeDriver: chrome on WINDOWS (b744ed26bfaa079a2446beec4f023e66)] -> partial link text: Sign]
2022-05-16 15:05:378 INFO  SignInPage :58 - Enter email to create an account email field : [[ChromeDriver: chrome on WINDOWS (b744ed26bfaa079a2446beec4f023e66)] -> xpath: //input[@id='email_create']]
2022-05-16 15:05:463 INFO  SignInPage :78 - Click on create account button : [[ChromeDriver: chrome on WINDOWS (b744ed26bfaa079a2446beec4f023e66)] -> xpath: //button[@id='SubmitCreate']]
2022-05-16 15:05:535 INFO  CreateAccountPage :203 - Click on male radio button : [[ChromeDriver: chrome on WINDOWS (b744ed26bfaa079a2446beec4f023e66)] -> xpath: //div[@id='uniform-id_gender1']]
2022-05-16 15:05:619 INFO  CreateAccountPage :155 - Enter first name : [[ChromeDriver: chrome on WINDOWS (b744ed26bfaa079a2446beec4f023e66)] -> xpath: //input[@id='firstname']]
2022-05-16 15:05:686 INFO  CreateAccountPage :150 - Enter last name : [[ChromeDriver: chrome on WINDOWS (b744ed26bfaa079a2446beec4f023e66)] -> xpath: //input[@id='lastname']]
2022-05-16 15:05:755 INFO  CreateAccountPage :188 - Enter password : [[ChromeDriver: chrome on WINDOWS (b744ed26bfaa079a2446beec4f023e66)] -> xpath: //input[@id='passwd']]
2022-05-16 15:05:894 INFO  CreateAccountPage :183 - Select day from dropdown : [[ChromeDriver: chrome on WINDOWS (b744ed26bfaa079a2446beec4f023e66)] -> xpath: //select[@id='days']]
2022-05-16 15:05:74 INFO  CreateAccountPage :171 - Select month from dropdown : [[ChromeDriver: chrome on WINDOWS (b744ed26bfaa079a2446beec4f023e66)] -> xpath: //select[@id='months']]
2022-05-16 15:05:240 INFO  CreateAccountPage :177 - Select year from dropdown : [[ChromeDriver: chrome on WINDOWS (b744ed26bfaa079a2446beec4f023e66)] -> xpath: //select[@id='years']]
2022-05-16 15:05:317 INFO  CreateAccountPage :165 - Click on news letter check box : [[ChromeDriver: chrome on WINDOWS (b744ed26bfaa079a2446beec4f023e66)] -> xpath: //input[@id='newsletter']]
2022-05-16 15:05:369 INFO  CreateAccountPage :160 - Click on special offer check box : [[ChromeDriver: chrome on WINDOWS (b744ed26bfaa079a2446beec4f023e66)] -> xpath: //input[@id='optin']]
2022-05-16 15:05:444 INFO  CreateAccountPage :145 - Enter address : [[ChromeDriver: chrome on WINDOWS (b744ed26bfaa079a2446beec4f023e66)] -> css selector: #address1]
2022-05-16 15:05:522 INFO  CreateAccountPage :140 - Enter city name : [[ChromeDriver: chrome on WINDOWS (b744ed26bfaa079a2446beec4f023e66)] -> xpath: //input[@id='city']]
2022-05-16 15:05:342 INFO  ManageDriver :31 - Launching Chrome Browser
2022-05-16 15:05:728 INFO  HomePage :62 - Click on sign link : [[ChromeDriver: chrome on WINDOWS (da107ce262eb585ccdb5d651eea6380a)] -> partial link text: Sign]
2022-05-16 15:05:815 INFO  SignInPage :58 - Enter email to create an account email field : [[ChromeDriver: chrome on WINDOWS (da107ce262eb585ccdb5d651eea6380a)] -> xpath: //input[@id='email_create']]
2022-05-16 15:05:876 INFO  SignInPage :78 - Click on create account button : [[ChromeDriver: chrome on WINDOWS (da107ce262eb585ccdb5d651eea6380a)] -> xpath: //button[@id='SubmitCreate']]
2022-05-16 15:05:809 INFO  CreateAccountPage :203 - Click on male radio button : [[ChromeDriver: chrome on WINDOWS (da107ce262eb585ccdb5d651eea6380a)] -> xpath: //div[@id='uniform-id_gender1']]
2022-05-16 15:05:892 INFO  CreateAccountPage :155 - Enter first name : [[ChromeDriver: chrome on WINDOWS (da107ce262eb585ccdb5d651eea6380a)] -> xpath: //input[@id='firstname']]
2022-05-16 15:05:955 INFO  CreateAccountPage :150 - Enter last name : [[ChromeDriver: chrome on WINDOWS (da107ce262eb585ccdb5d651eea6380a)] -> xpath: //input[@id='lastname']]
2022-05-16 15:05:27 INFO  CreateAccountPage :188 - Enter password : [[ChromeDriver: chrome on WINDOWS (da107ce262eb585ccdb5d651eea6380a)] -> xpath: //input[@id='passwd']]
2022-05-16 15:05:176 INFO  CreateAccountPage :183 - Select day from dropdown : [[ChromeDriver: chrome on WINDOWS (da107ce262eb585ccdb5d651eea6380a)] -> xpath: //select[@id='days']]
2022-05-16 15:05:323 INFO  CreateAccountPage :171 - Select month from dropdown : [[ChromeDriver: chrome on WINDOWS (da107ce262eb585ccdb5d651eea6380a)] -> xpath: //select[@id='months']]
2022-05-16 15:05:493 INFO  CreateAccountPage :177 - Select year from dropdown : [[ChromeDriver: chrome on WINDOWS (da107ce262eb585ccdb5d651eea6380a)] -> xpath: //select[@id='years']]
2022-05-16 15:05:568 INFO  CreateAccountPage :165 - Click on news letter check box : [[ChromeDriver: chrome on WINDOWS (da107ce262eb585ccdb5d651eea6380a)] -> xpath: //input[@id='newsletter']]
2022-05-16 15:05:617 INFO  CreateAccountPage :160 - Click on special offer check box : [[ChromeDriver: chrome on WINDOWS (da107ce262eb585ccdb5d651eea6380a)] -> xpath: //input[@id='optin']]
2022-05-16 15:05:675 INFO  CreateAccountPage :145 - Enter address : [[ChromeDriver: chrome on WINDOWS (da107ce262eb585ccdb5d651eea6380a)] -> css selector: #address1]
2022-05-16 15:05:739 INFO  CreateAccountPage :140 - Enter city name : [[ChromeDriver: chrome on WINDOWS (da107ce262eb585ccdb5d651eea6380a)] -> xpath: //input[@id='city']]
2022-05-16 15:05:879 INFO  CreateAccountPage :135 - Select state : [[ChromeDriver: chrome on WINDOWS (da107ce262eb585ccdb5d651eea6380a)] -> xpath: //select[@id='id_state']]
2022-05-16 15:05:954 INFO  CreateAccountPage :129 - Enter zipcode : [[ChromeDriver: chrome on WINDOWS (da107ce262eb585ccdb5d651eea6380a)] -> xpath: //input[@id='postcode']]
2022-05-16 15:05:35 INFO  CreateAccountPage :124 - Enter mobile number : [[ChromeDriver: chrome on WINDOWS (da107ce262eb585ccdb5d651eea6380a)] -> xpath: //input[@id='phone_mobile']]
2022-05-16 15:05:768 INFO  CreateAccountPage :114 - Click on register button : [[ChromeDriver: chrome on WINDOWS (da107ce262eb585ccdb5d651eea6380a)] -> xpath: //button[@id='submitAccount']]
2022-05-16 15:05:818 INFO  CreateAccountPage :100 - Verify my account text : Proxy element for: DefaultElementLocator 'By.xpath: //h1[contains(text(),'My account')]'
2022-05-16 15:05:836 INFO  ManageDriver :31 - Launching Chrome Browser
2022-05-16 15:05:850 INFO  HomePage :62 - Click on sign link : [[ChromeDriver: chrome on WINDOWS (0fe7a10ec0ab8c464837baaad2644a55)] -> partial link text: Sign]
2022-05-16 15:05:931 INFO  SignInPage :58 - Enter email to create an account email field : [[ChromeDriver: chrome on WINDOWS (0fe7a10ec0ab8c464837baaad2644a55)] -> xpath: //input[@id='email_create']]
2022-05-16 15:05:988 INFO  SignInPage :78 - Click on create account button : [[ChromeDriver: chrome on WINDOWS (0fe7a10ec0ab8c464837baaad2644a55)] -> xpath: //button[@id='SubmitCreate']]
2022-05-16 15:05:86 INFO  CreateAccountPage :203 - Click on male radio button : [[ChromeDriver: chrome on WINDOWS (0fe7a10ec0ab8c464837baaad2644a55)] -> xpath: //div[@id='uniform-id_gender1']]
2022-05-16 15:05:161 INFO  CreateAccountPage :155 - Enter first name : [[ChromeDriver: chrome on WINDOWS (0fe7a10ec0ab8c464837baaad2644a55)] -> xpath: //input[@id='firstname']]
2022-05-16 15:05:224 INFO  CreateAccountPage :150 - Enter last name : [[ChromeDriver: chrome on WINDOWS (0fe7a10ec0ab8c464837baaad2644a55)] -> xpath: //input[@id='lastname']]
2022-05-16 15:05:293 INFO  CreateAccountPage :188 - Enter password : [[ChromeDriver: chrome on WINDOWS (0fe7a10ec0ab8c464837baaad2644a55)] -> xpath: //input[@id='passwd']]
2022-05-16 15:05:430 INFO  CreateAccountPage :183 - Select day from dropdown : [[ChromeDriver: chrome on WINDOWS (0fe7a10ec0ab8c464837baaad2644a55)] -> xpath: //select[@id='days']]
2022-05-16 15:05:573 INFO  CreateAccountPage :171 - Select month from dropdown : [[ChromeDriver: chrome on WINDOWS (0fe7a10ec0ab8c464837baaad2644a55)] -> xpath: //select[@id='months']]
2022-05-16 15:05:744 INFO  CreateAccountPage :177 - Select year from dropdown : [[ChromeDriver: chrome on WINDOWS (0fe7a10ec0ab8c464837baaad2644a55)] -> xpath: //select[@id='years']]
2022-05-16 15:05:807 INFO  CreateAccountPage :165 - Click on news letter check box : [[ChromeDriver: chrome on WINDOWS (0fe7a10ec0ab8c464837baaad2644a55)] -> xpath: //input[@id='newsletter']]
2022-05-16 15:05:857 INFO  CreateAccountPage :160 - Click on special offer check box : [[ChromeDriver: chrome on WINDOWS (0fe7a10ec0ab8c464837baaad2644a55)] -> xpath: //input[@id='optin']]
2022-05-16 15:05:914 INFO  CreateAccountPage :145 - Enter address : [[ChromeDriver: chrome on WINDOWS (0fe7a10ec0ab8c464837baaad2644a55)] -> css selector: #address1]
2022-05-16 15:05:981 INFO  CreateAccountPage :140 - Enter city name : [[ChromeDriver: chrome on WINDOWS (0fe7a10ec0ab8c464837baaad2644a55)] -> xpath: //input[@id='city']]
2022-05-16 15:05:115 INFO  CreateAccountPage :135 - Select state : [[ChromeDriver: chrome on WINDOWS (0fe7a10ec0ab8c464837baaad2644a55)] -> xpath: //select[@id='id_state']]
2022-05-16 15:05:204 INFO  CreateAccountPage :129 - Enter zipcode : [[ChromeDriver: chrome on WINDOWS (0fe7a10ec0ab8c464837baaad2644a55)] -> xpath: //input[@id='postcode']]
2022-05-16 15:05:273 INFO  CreateAccountPage :124 - Enter mobile number : [[ChromeDriver: chrome on WINDOWS (0fe7a10ec0ab8c464837baaad2644a55)] -> xpath: //input[@id='phone_mobile']]
2022-05-16 15:05:520 INFO  CreateAccountPage :114 - Click on register button : [[ChromeDriver: chrome on WINDOWS (0fe7a10ec0ab8c464837baaad2644a55)] -> xpath: //button[@id='submitAccount']]
2022-05-16 15:05:602 INFO  CreateAccountPage :100 - Verify my account text : Proxy element for: DefaultElementLocator 'By.xpath: //h1[contains(text(),'My account')]'
2022-05-16 15:05:997 INFO  ManageDriver :31 - Launching Chrome Browser
2022-05-16 15:05:47 INFO  HomePage :62 - Click on sign link : [[ChromeDriver: chrome on WINDOWS (50a53e5af67798f8bccc21bc9ff23c9d)] -> partial link text: Sign]
2022-05-16 15:05:136 INFO  SignInPage :58 - Enter email to create an account email field : [[ChromeDriver: chrome on WINDOWS (50a53e5af67798f8bccc21bc9ff23c9d)] -> xpath: //input[@id='email_create']]
2022-05-16 15:05:196 INFO  SignInPage :78 - Click on create account button : [[ChromeDriver: chrome on WINDOWS (50a53e5af67798f8bccc21bc9ff23c9d)] -> xpath: //button[@id='SubmitCreate']]
2022-05-16 15:05:522 INFO  CreateAccountPage :203 - Click on male radio button : [[ChromeDriver: chrome on WINDOWS (50a53e5af67798f8bccc21bc9ff23c9d)] -> xpath: //div[@id='uniform-id_gender1']]
2022-05-16 15:05:616 INFO  CreateAccountPage :155 - Enter first name : [[ChromeDriver: chrome on WINDOWS (50a53e5af67798f8bccc21bc9ff23c9d)] -> xpath: //input[@id='firstname']]
2022-05-16 15:05:700 INFO  CreateAccountPage :150 - Enter last name : [[ChromeDriver: chrome on WINDOWS (50a53e5af67798f8bccc21bc9ff23c9d)] -> xpath: //input[@id='lastname']]
2022-05-16 15:05:798 INFO  CreateAccountPage :188 - Enter password : [[ChromeDriver: chrome on WINDOWS (50a53e5af67798f8bccc21bc9ff23c9d)] -> xpath: //input[@id='passwd']]
2022-05-16 15:05:951 INFO  CreateAccountPage :183 - Select day from dropdown : [[ChromeDriver: chrome on WINDOWS (50a53e5af67798f8bccc21bc9ff23c9d)] -> xpath: //select[@id='days']]
2022-05-16 15:05:105 INFO  CreateAccountPage :171 - Select month from dropdown : [[ChromeDriver: chrome on WINDOWS (50a53e5af67798f8bccc21bc9ff23c9d)] -> xpath: //select[@id='months']]
2022-05-16 15:05:271 INFO  CreateAccountPage :177 - Select year from dropdown : [[ChromeDriver: chrome on WINDOWS (50a53e5af67798f8bccc21bc9ff23c9d)] -> xpath: //select[@id='years']]
2022-05-16 15:05:347 INFO  CreateAccountPage :165 - Click on news letter check box : [[ChromeDriver: chrome on WINDOWS (50a53e5af67798f8bccc21bc9ff23c9d)] -> xpath: //input[@id='newsletter']]
2022-05-16 15:05:396 INFO  CreateAccountPage :160 - Click on special offer check box : [[ChromeDriver: chrome on WINDOWS (50a53e5af67798f8bccc21bc9ff23c9d)] -> xpath: //input[@id='optin']]
2022-05-16 15:05:447 INFO  CreateAccountPage :155 - Enter first name : [[ChromeDriver: chrome on WINDOWS (50a53e5af67798f8bccc21bc9ff23c9d)] -> xpath: //input[@id='firstname']]
2022-05-16 15:05:488 INFO  CreateAccountPage :150 - Enter last name : [[ChromeDriver: chrome on WINDOWS (50a53e5af67798f8bccc21bc9ff23c9d)] -> xpath: //input[@id='lastname']]
2022-05-16 15:05:551 INFO  CreateAccountPage :145 - Enter address : [[ChromeDriver: chrome on WINDOWS (50a53e5af67798f8bccc21bc9ff23c9d)] -> css selector: #address1]
2022-05-16 15:05:612 INFO  CreateAccountPage :140 - Enter city name : [[ChromeDriver: chrome on WINDOWS (50a53e5af67798f8bccc21bc9ff23c9d)] -> xpath: //input[@id='city']]
2022-05-16 15:05:739 INFO  CreateAccountPage :135 - Select state : [[ChromeDriver: chrome on WINDOWS (50a53e5af67798f8bccc21bc9ff23c9d)] -> xpath: //select[@id='id_state']]
2022-05-16 15:05:833 INFO  CreateAccountPage :129 - Enter zipcode : [[ChromeDriver: chrome on WINDOWS (50a53e5af67798f8bccc21bc9ff23c9d)] -> xpath: //input[@id='postcode']]
2022-05-16 15:05:901 INFO  CreateAccountPage :124 - Enter mobile number : [[ChromeDriver: chrome on WINDOWS (50a53e5af67798f8bccc21bc9ff23c9d)] -> xpath: //input[@id='phone_mobile']]
2022-05-16 15:05:536 INFO  CreateAccountPage :114 - Click on register button : [[ChromeDriver: chrome on WINDOWS (50a53e5af67798f8bccc21bc9ff23c9d)] -> xpath: //button[@id='submitAccount']]
2022-05-16 15:05:610 INFO  CreateAccountPage :100 - Verify my account text : Proxy element for: DefaultElementLocator 'By.xpath: //h1[contains(text(),'My account')]'
2022-05-16 15:05:754 INFO  ManageDriver :31 - Launching Chrome Browser
2022-05-16 15:05:849 INFO  HomePage :62 - Click on sign link : [[ChromeDriver: chrome on WINDOWS (85bb0785523714509001ec9b5e8382d7)] -> partial link text: Sign]
2022-05-16 15:05:957 INFO  SignInPage :58 - Enter email to create an account email field : [[ChromeDriver: chrome on WINDOWS (85bb0785523714509001ec9b5e8382d7)] -> xpath: //input[@id='email_create']]
2022-05-16 15:05:30 INFO  SignInPage :78 - Click on create account button : [[ChromeDriver: chrome on WINDOWS (85bb0785523714509001ec9b5e8382d7)] -> xpath: //button[@id='SubmitCreate']]
2022-05-16 15:05:103 INFO  CreateAccountPage :203 - Click on male radio button : [[ChromeDriver: chrome on WINDOWS (85bb0785523714509001ec9b5e8382d7)] -> xpath: //div[@id='uniform-id_gender1']]
2022-05-16 15:05:174 INFO  CreateAccountPage :198 - Enter first name : [[ChromeDriver: chrome on WINDOWS (85bb0785523714509001ec9b5e8382d7)] -> xpath: //input[@id='customer_firstname']]
2022-05-16 15:05:243 INFO  CreateAccountPage :193 - Enter lastname : [[ChromeDriver: chrome on WINDOWS (85bb0785523714509001ec9b5e8382d7)] -> xpath: //input[@id='customer_lastname']]
2022-05-16 15:05:309 INFO  CreateAccountPage :188 - Enter password : [[ChromeDriver: chrome on WINDOWS (85bb0785523714509001ec9b5e8382d7)] -> xpath: //input[@id='passwd']]
2022-05-16 15:05:439 INFO  CreateAccountPage :183 - Select day from dropdown : [[ChromeDriver: chrome on WINDOWS (85bb0785523714509001ec9b5e8382d7)] -> xpath: //select[@id='days']]
2022-05-16 15:05:572 INFO  CreateAccountPage :171 - Select month from dropdown : [[ChromeDriver: chrome on WINDOWS (85bb0785523714509001ec9b5e8382d7)] -> xpath: //select[@id='months']]
2022-05-16 15:05:710 INFO  CreateAccountPage :177 - Select year from dropdown : [[ChromeDriver: chrome on WINDOWS (85bb0785523714509001ec9b5e8382d7)] -> xpath: //select[@id='years']]
2022-05-16 15:05:783 INFO  CreateAccountPage :165 - Click on news letter check box : [[ChromeDriver: chrome on WINDOWS (85bb0785523714509001ec9b5e8382d7)] -> xpath: //input[@id='newsletter']]
2022-05-16 15:05:830 INFO  CreateAccountPage :160 - Click on special offer check box : [[ChromeDriver: chrome on WINDOWS (85bb0785523714509001ec9b5e8382d7)] -> xpath: //input[@id='optin']]
2022-05-16 15:05:900 INFO  CreateAccountPage :145 - Enter address : [[ChromeDriver: chrome on WINDOWS (85bb0785523714509001ec9b5e8382d7)] -> css selector: #address1]
2022-05-16 15:05:960 INFO  CreateAccountPage :140 - Enter city name : [[ChromeDriver: chrome on WINDOWS (85bb0785523714509001ec9b5e8382d7)] -> xpath: //input[@id='city']]
2022-05-16 15:05:84 INFO  CreateAccountPage :135 - Select state : [[ChromeDriver: chrome on WINDOWS (85bb0785523714509001ec9b5e8382d7)] -> xpath: //select[@id='id_state']]
2022-05-16 15:05:164 INFO  CreateAccountPage :129 - Enter zipcode : [[ChromeDriver: chrome on WINDOWS (85bb0785523714509001ec9b5e8382d7)] -> xpath: //input[@id='postcode']]
2022-05-16 15:05:232 INFO  CreateAccountPage :124 - Enter mobile number : [[ChromeDriver: chrome on WINDOWS (85bb0785523714509001ec9b5e8382d7)] -> xpath: //input[@id='phone_mobile']]
2022-05-16 15:05:610 INFO  CreateAccountPage :114 - Click on register button : [[ChromeDriver: chrome on WINDOWS (85bb0785523714509001ec9b5e8382d7)] -> xpath: //button[@id='submitAccount']]
2022-05-16 15:05:627 INFO  CreateAccountPage :100 - Verify my account text : [[ChromeDriver: chrome on WINDOWS (85bb0785523714509001ec9b5e8382d7)] -> xpath: //h1[contains(text(),'My account')]]
2022-05-16 15:05:740 INFO  ManageDriver :31 - Launching Chrome Browser
2022-05-16 15:05:27 INFO  HomePage :62 - Click on sign link : [[ChromeDriver: chrome on WINDOWS (1a840a51fec96d02ec7d8cd58e4fcb33)] -> partial link text: Sign]
2022-05-16 15:05:114 INFO  SignInPage :58 - Enter email to create an account email field : [[ChromeDriver: chrome on WINDOWS (1a840a51fec96d02ec7d8cd58e4fcb33)] -> xpath: //input[@id='email_create']]
2022-05-16 15:05:174 INFO  SignInPage :78 - Click on create account button : [[ChromeDriver: chrome on WINDOWS (1a840a51fec96d02ec7d8cd58e4fcb33)] -> xpath: //button[@id='SubmitCreate']]
2022-05-16 15:05:176 INFO  ManageDriver :31 - Launching Chrome Browser
2022-05-16 15:05:745 INFO  HomePage :62 - Click on sign link : [[ChromeDriver: chrome on WINDOWS (80bb30693b14ff581fdafedc78f9ec57)] -> partial link text: Sign]
2022-05-16 15:05:831 INFO  SignInPage :58 - Enter email to create an account email field : [[ChromeDriver: chrome on WINDOWS (80bb30693b14ff581fdafedc78f9ec57)] -> xpath: //input[@id='email_create']]
2022-05-16 15:05:892 INFO  SignInPage :78 - Click on create account button : [[ChromeDriver: chrome on WINDOWS (80bb30693b14ff581fdafedc78f9ec57)] -> xpath: //button[@id='SubmitCreate']]
2022-05-16 15:05:860 INFO  CreateAccountPage :203 - Click on male radio button : [[ChromeDriver: chrome on WINDOWS (80bb30693b14ff581fdafedc78f9ec57)] -> xpath: //div[@id='uniform-id_gender1']]
2022-05-16 15:05:934 INFO  CreateAccountPage :198 - Enter first name : [[ChromeDriver: chrome on WINDOWS (80bb30693b14ff581fdafedc78f9ec57)] -> xpath: //input[@id='customer_firstname']]
2022-05-16 15:05:998 INFO  CreateAccountPage :193 - Enter lastname : [[ChromeDriver: chrome on WINDOWS (80bb30693b14ff581fdafedc78f9ec57)] -> xpath: //input[@id='customer_lastname']]
2022-05-16 15:05:78 INFO  CreateAccountPage :188 - Enter password : [[ChromeDriver: chrome on WINDOWS (80bb30693b14ff581fdafedc78f9ec57)] -> xpath: //input[@id='passwd']]
2022-05-16 15:05:234 INFO  CreateAccountPage :183 - Select day from dropdown : [[ChromeDriver: chrome on WINDOWS (80bb30693b14ff581fdafedc78f9ec57)] -> xpath: //select[@id='days']]
2022-05-16 15:05:411 INFO  CreateAccountPage :171 - Select month from dropdown : [[ChromeDriver: chrome on WINDOWS (80bb30693b14ff581fdafedc78f9ec57)] -> xpath: //select[@id='months']]
2022-05-16 15:05:575 INFO  CreateAccountPage :177 - Select year from dropdown : [[ChromeDriver: chrome on WINDOWS (80bb30693b14ff581fdafedc78f9ec57)] -> xpath: //select[@id='years']]
2022-05-16 15:05:670 INFO  CreateAccountPage :165 - Click on news letter check box : [[ChromeDriver: chrome on WINDOWS (80bb30693b14ff581fdafedc78f9ec57)] -> xpath: //input[@id='newsletter']]
2022-05-16 15:05:732 INFO  CreateAccountPage :160 - Click on special offer check box : [[ChromeDriver: chrome on WINDOWS (80bb30693b14ff581fdafedc78f9ec57)] -> xpath: //input[@id='optin']]
2022-05-16 15:05:811 INFO  CreateAccountPage :145 - Enter address : [[ChromeDriver: chrome on WINDOWS (80bb30693b14ff581fdafedc78f9ec57)] -> css selector: #address1]
2022-05-16 15:05:877 INFO  CreateAccountPage :140 - Enter city name : [[ChromeDriver: chrome on WINDOWS (80bb30693b14ff581fdafedc78f9ec57)] -> xpath: //input[@id='city']]
2022-05-16 15:05:11 INFO  CreateAccountPage :135 - Select state : [[ChromeDriver: chrome on WINDOWS (80bb30693b14ff581fdafedc78f9ec57)] -> xpath: //select[@id='id_state']]
2022-05-16 15:05:103 INFO  CreateAccountPage :129 - Enter zipcode : [[ChromeDriver: chrome on WINDOWS (80bb30693b14ff581fdafedc78f9ec57)] -> xpath: //input[@id='postcode']]
2022-05-16 15:05:185 INFO  CreateAccountPage :124 - Enter mobile number : [[ChromeDriver: chrome on WINDOWS (80bb30693b14ff581fdafedc78f9ec57)] -> xpath: //input[@id='phone_mobile']]
2022-05-16 15:05:363 INFO  CreateAccountPage :114 - Click on register button : [[ChromeDriver: chrome on WINDOWS (80bb30693b14ff581fdafedc78f9ec57)] -> xpath: //button[@id='submitAccount']]
2022-05-16 15:05:380 INFO  CreateAccountPage :100 - Verify my account text : [[ChromeDriver: chrome on WINDOWS (80bb30693b14ff581fdafedc78f9ec57)] -> xpath: //h1[contains(text(),'My account')]]
2022-05-16 15:05:418 INFO  ManageDriver :31 - Launching Chrome Browser
2022-05-16 15:05:935 INFO  HomePage :47 - Click on woman tab link : [[ChromeDriver: chrome on WINDOWS (dcdd1eb954aecea8cbe1c8532592f084)] -> link text: Women]
2022-05-16 15:05:972 INFO  WomenCategoryPage :76 - Verify women text : [[ChromeDriver: chrome on WINDOWS (dcdd1eb954aecea8cbe1c8532592f084)] -> xpath: //h2[contains(text(),'Women')]]
2022-05-16 15:05:526 INFO  ManageDriver :31 - Launching Chrome Browser
2022-05-16 15:05:540 INFO  HomePage :47 - Click on woman tab link : [[ChromeDriver: chrome on WINDOWS (39dfe76a39925c7909e9ea47b94835cb)] -> link text: Women]
2022-05-16 15:05:36 INFO  WomenCategoryPage :54 - Click on product : [[[ChromeDriver: chrome on WINDOWS (39dfe76a39925c7909e9ea47b94835cb)] -> xpath: //a[@class='product-name']], [[ChromeDriver: chrome on WINDOWS (39dfe76a39925c7909e9ea47b94835cb)] -> xpath: //a[@class='product-name']], [[ChromeDriver: chrome on WINDOWS (39dfe76a39925c7909e9ea47b94835cb)] -> xpath: //a[@class='product-name']], [[ChromeDriver: chrome on WINDOWS (39dfe76a39925c7909e9ea47b94835cb)] -> xpath: //a[@class='product-name']], [[ChromeDriver: chrome on WINDOWS (39dfe76a39925c7909e9ea47b94835cb)] -> xpath: //a[@class='product-name']], [[ChromeDriver: chrome on WINDOWS (39dfe76a39925c7909e9ea47b94835cb)] -> xpath: //a[@class='product-name']], [[ChromeDriver: chrome on WINDOWS (39dfe76a39925c7909e9ea47b94835cb)] -> xpath: //a[@class='product-name']], [[ChromeDriver: chrome on WINDOWS (39dfe76a39925c7909e9ea47b94835cb)] -> xpath: //a[@class='product-name']]]
2022-05-16 15:05:659 INFO  ProductPage :48 - Enter quantity : [[ChromeDriver: chrome on WINDOWS (39dfe76a39925c7909e9ea47b94835cb)] -> xpath: //input[@id='quantity_wanted']]
2022-05-16 15:05:841 INFO  ProductPage :64 - Select size from dropdown : [[ChromeDriver: chrome on WINDOWS (39dfe76a39925c7909e9ea47b94835cb)] -> css selector: #group_1]
2022-05-16 15:05:943 INFO  ProductPage :58 - Click on colour : [[ChromeDriver: chrome on WINDOWS (39dfe76a39925c7909e9ea47b94835cb)] -> xpath: //ul[@id='color_to_pick_list']//li]
2022-05-16 15:05:15 INFO  ProductPage :53 - Click on add cart : [[ChromeDriver: chrome on WINDOWS (39dfe76a39925c7909e9ea47b94835cb)] -> xpath: //span[contains(text(),'Add to cart')]]
2022-05-16 15:05:107 INFO  ManageDriver :31 - Launching Chrome Browser
2022-05-16 16:05:319 INFO  HomePage :47 - Click on woman tab link : [[ChromeDriver: chrome on WINDOWS (74d2a66656dd5c5f123d9bc67349ad32)] -> link text: Women]
2022-05-16 16:05:79 INFO  WomenCategoryPage :54 - Click on product : [[[ChromeDriver: chrome on WINDOWS (74d2a66656dd5c5f123d9bc67349ad32)] -> xpath: //a[@class='product-name']], [[ChromeDriver: chrome on WINDOWS (74d2a66656dd5c5f123d9bc67349ad32)] -> xpath: //a[@class='product-name']], [[ChromeDriver: chrome on WINDOWS (74d2a66656dd5c5f123d9bc67349ad32)] -> xpath: //a[@class='product-name']], [[ChromeDriver: chrome on WINDOWS (74d2a66656dd5c5f123d9bc67349ad32)] -> xpath: //a[@class='product-name']], [[ChromeDriver: chrome on WINDOWS (74d2a66656dd5c5f123d9bc67349ad32)] -> xpath: //a[@class='product-name']], [[ChromeDriver: chrome on WINDOWS (74d2a66656dd5c5f123d9bc67349ad32)] -> xpath: //a[@class='product-name']], [[ChromeDriver: chrome on WINDOWS (74d2a66656dd5c5f123d9bc67349ad32)] -> xpath: //a[@class='product-name']], [[ChromeDriver: chrome on WINDOWS (74d2a66656dd5c5f123d9bc67349ad32)] -> xpath: //a[@class='product-name']]]
2022-05-16 16:05:705 INFO  ProductPage :48 - Enter quantity : [[ChromeDriver: chrome on WINDOWS (74d2a66656dd5c5f123d9bc67349ad32)] -> xpath: //input[@id='quantity_wanted']]
2022-05-16 16:05:889 INFO  ProductPage :64 - Select size from dropdown : [[ChromeDriver: chrome on WINDOWS (74d2a66656dd5c5f123d9bc67349ad32)] -> css selector: #group_1]
2022-05-16 16:05:971 INFO  ProductPage :58 - Click on colour : [[ChromeDriver: chrome on WINDOWS (74d2a66656dd5c5f123d9bc67349ad32)] -> xpath: //ul[@id='color_to_pick_list']//li]
2022-05-16 16:05:25 INFO  ProductPage :53 - Click on add cart : [[ChromeDriver: chrome on WINDOWS (74d2a66656dd5c5f123d9bc67349ad32)] -> xpath: //span[contains(text(),'Add to cart')]]
2022-05-16 16:05:137 INFO  ManageDriver :31 - Launching Chrome Browser
2022-05-16 16:05:524 INFO  HomePage :47 - Click on woman tab link : [[ChromeDriver: chrome on WINDOWS (ad506d562763d76f563cf2656063b99a)] -> link text: Women]
2022-05-16 16:05:914 INFO  WomenCategoryPage :54 - Click on product : [[[ChromeDriver: chrome on WINDOWS (ad506d562763d76f563cf2656063b99a)] -> xpath: //a[@class='product-name']], [[ChromeDriver: chrome on WINDOWS (ad506d562763d76f563cf2656063b99a)] -> xpath: //a[@class='product-name']], [[ChromeDriver: chrome on WINDOWS (ad506d562763d76f563cf2656063b99a)] -> xpath: //a[@class='product-name']], [[ChromeDriver: chrome on WINDOWS (ad506d562763d76f563cf2656063b99a)] -> xpath: //a[@class='product-name']], [[ChromeDriver: chrome on WINDOWS (ad506d562763d76f563cf2656063b99a)] -> xpath: //a[@class='product-name']], [[ChromeDriver: chrome on WINDOWS (ad506d562763d76f563cf2656063b99a)] -> xpath: //a[@class='product-name']], [[ChromeDriver: chrome on WINDOWS (ad506d562763d76f563cf2656063b99a)] -> xpath: //a[@class='product-name']], [[ChromeDriver: chrome on WINDOWS (ad506d562763d76f563cf2656063b99a)] -> xpath: //a[@class='product-name']]]
2022-05-16 16:05:534 INFO  ProductPage :48 - Enter quantity : [[ChromeDriver: chrome on WINDOWS (ad506d562763d76f563cf2656063b99a)] -> xpath: //input[@id='quantity_wanted']]
2022-05-16 16:05:624 INFO  ProductPage :64 - Select size from dropdown : [[ChromeDriver: chrome on WINDOWS (ad506d562763d76f563cf2656063b99a)] -> css selector: #group_1]
2022-05-16 16:05:685 INFO  ProductPage :58 - Click on colour : [[ChromeDriver: chrome on WINDOWS (ad506d562763d76f563cf2656063b99a)] -> xpath: //ul[@id='color_to_pick_list']//li]
2022-05-16 16:05:748 INFO  ProductPage :53 - Click on add cart : [[ChromeDriver: chrome on WINDOWS (ad506d562763d76f563cf2656063b99a)] -> xpath: //span[contains(text(),'Add to cart')]]
2022-05-16 16:05:737 INFO  ManageDriver :31 - Launching Chrome Browser
2022-05-16 16:05:111 INFO  HomePage :47 - Click on woman tab link : [[ChromeDriver: chrome on WINDOWS (b246d8c9efe7be8544f57a70cdd90480)] -> link text: Women]
2022-05-16 16:05:390 INFO  ManageDriver :31 - Launching Chrome Browser
2022-05-16 16:05:849 INFO  HomePage :47 - Click on woman tab link : [[ChromeDriver: chrome on WINDOWS (c15edebb73d19ff5f5a0d728798ed1e0)] -> link text: Women]
2022-05-16 16:05:453 INFO  WomenCategoryPage :54 - Click on product : [[[ChromeDriver: chrome on WINDOWS (c15edebb73d19ff5f5a0d728798ed1e0)] -> xpath: //a[@class='product-name']], [[ChromeDriver: chrome on WINDOWS (c15edebb73d19ff5f5a0d728798ed1e0)] -> xpath: //a[@class='product-name']], [[ChromeDriver: chrome on WINDOWS (c15edebb73d19ff5f5a0d728798ed1e0)] -> xpath: //a[@class='product-name']], [[ChromeDriver: chrome on WINDOWS (c15edebb73d19ff5f5a0d728798ed1e0)] -> xpath: //a[@class='product-name']], [[ChromeDriver: chrome on WINDOWS (c15edebb73d19ff5f5a0d728798ed1e0)] -> xpath: //a[@class='product-name']], [[ChromeDriver: chrome on WINDOWS (c15edebb73d19ff5f5a0d728798ed1e0)] -> xpath: //a[@class='product-name']], [[ChromeDriver: chrome on WINDOWS (c15edebb73d19ff5f5a0d728798ed1e0)] -> xpath: //a[@class='product-name']], [[ChromeDriver: chrome on WINDOWS (c15edebb73d19ff5f5a0d728798ed1e0)] -> xpath: //a[@class='product-name']]]
2022-05-16 16:05:86 INFO  ProductPage :48 - Enter quantity : [[ChromeDriver: chrome on WINDOWS (c15edebb73d19ff5f5a0d728798ed1e0)] -> xpath: //input[@id='quantity_wanted']]
2022-05-16 16:05:227 INFO  ProductPage :64 - Select size from dropdown : [[ChromeDriver: chrome on WINDOWS (c15edebb73d19ff5f5a0d728798ed1e0)] -> css selector: #group_1]
2022-05-16 16:05:304 INFO  ProductPage :58 - Click on colour : [[ChromeDriver: chrome on WINDOWS (c15edebb73d19ff5f5a0d728798ed1e0)] -> xpath: //ul[@id='color_to_pick_list']//li]
2022-05-16 16:05:383 INFO  ProductPage :53 - Click on add cart : [[ChromeDriver: chrome on WINDOWS (c15edebb73d19ff5f5a0d728798ed1e0)] -> xpath: //span[contains(text(),'Add to cart')]]
2022-05-16 16:05:493 INFO  WomenCategoryPage :47 - Close the pop up window : [[ChromeDriver: chrome on WINDOWS (c15edebb73d19ff5f5a0d728798ed1e0)] -> xpath: //span[@title='Close window']]
2022-05-16 16:05:216 INFO  ManageDriver :31 - Launching Chrome Browser
2022-05-16 16:05:63 INFO  HomePage :47 - Click on woman tab link : [[ChromeDriver: chrome on WINDOWS (9175f604b7be01dc2b6a0fc7623eacaf)] -> link text: Women]
2022-05-16 16:05:264 INFO  WomenCategoryPage :54 - Click on product : [[[ChromeDriver: chrome on WINDOWS (9175f604b7be01dc2b6a0fc7623eacaf)] -> xpath: //a[@class='product-name']], [[ChromeDriver: chrome on WINDOWS (9175f604b7be01dc2b6a0fc7623eacaf)] -> xpath: //a[@class='product-name']], [[ChromeDriver: chrome on WINDOWS (9175f604b7be01dc2b6a0fc7623eacaf)] -> xpath: //a[@class='product-name']], [[ChromeDriver: chrome on WINDOWS (9175f604b7be01dc2b6a0fc7623eacaf)] -> xpath: //a[@class='product-name']], [[ChromeDriver: chrome on WINDOWS (9175f604b7be01dc2b6a0fc7623eacaf)] -> xpath: //a[@class='product-name']], [[ChromeDriver: chrome on WINDOWS (9175f604b7be01dc2b6a0fc7623eacaf)] -> xpath: //a[@class='product-name']], [[ChromeDriver: chrome on WINDOWS (9175f604b7be01dc2b6a0fc7623eacaf)] -> xpath: //a[@class='product-name']], [[ChromeDriver: chrome on WINDOWS (9175f604b7be01dc2b6a0fc7623eacaf)] -> xpath: //a[@class='product-name']]]
2022-05-16 16:05:897 INFO  ProductPage :48 - Enter quantity : [[ChromeDriver: chrome on WINDOWS (9175f604b7be01dc2b6a0fc7623eacaf)] -> xpath: //input[@id='quantity_wanted']]
2022-05-16 16:05:53 INFO  ProductPage :64 - Select size from dropdown : [[ChromeDriver: chrome on WINDOWS (9175f604b7be01dc2b6a0fc7623eacaf)] -> css selector: #group_1]
2022-05-16 16:05:156 INFO  ProductPage :58 - Click on colour : [[ChromeDriver: chrome on WINDOWS (9175f604b7be01dc2b6a0fc7623eacaf)] -> xpath: //ul[@id='color_to_pick_list']//li]
2022-05-16 16:05:211 INFO  ProductPage :53 - Click on add cart : [[ChromeDriver: chrome on WINDOWS (9175f604b7be01dc2b6a0fc7623eacaf)] -> xpath: //span[contains(text(),'Add to cart')]]
2022-05-16 16:05:300 INFO  WomenCategoryPage :47 - Close the pop up window : [[ChromeDriver: chrome on WINDOWS (9175f604b7be01dc2b6a0fc7623eacaf)] -> xpath: //span[@title='Close window']]
2022-05-16 16:05:08 INFO  ManageDriver :31 - Launching Chrome Browser
2022-05-16 16:05:164 INFO  HomePage :47 - Click on woman tab link : [[ChromeDriver: chrome on WINDOWS (6a918d218979f8f8fa3d58b3774d167f)] -> link text: Women]
2022-05-16 16:05:985 INFO  WomenCategoryPage :54 - Click on product : [[[ChromeDriver: chrome on WINDOWS (6a918d218979f8f8fa3d58b3774d167f)] -> xpath: //a[@class='product-name']], [[ChromeDriver: chrome on WINDOWS (6a918d218979f8f8fa3d58b3774d167f)] -> xpath: //a[@class='product-name']], [[ChromeDriver: chrome on WINDOWS (6a918d218979f8f8fa3d58b3774d167f)] -> xpath: //a[@class='product-name']], [[ChromeDriver: chrome on WINDOWS (6a918d218979f8f8fa3d58b3774d167f)] -> xpath: //a[@class='product-name']], [[ChromeDriver: chrome on WINDOWS (6a918d218979f8f8fa3d58b3774d167f)] -> xpath: //a[@class='product-name']], [[ChromeDriver: chrome on WINDOWS (6a918d218979f8f8fa3d58b3774d167f)] -> xpath: //a[@class='product-name']], [[ChromeDriver: chrome on WINDOWS (6a918d218979f8f8fa3d58b3774d167f)] -> xpath: //a[@class='product-name']], [[ChromeDriver: chrome on WINDOWS (6a918d218979f8f8fa3d58b3774d167f)] -> xpath: //a[@class='product-name']]]
2022-05-16 16:05:606 INFO  ProductPage :48 - Enter quantity : [[ChromeDriver: chrome on WINDOWS (6a918d218979f8f8fa3d58b3774d167f)] -> xpath: //input[@id='quantity_wanted']]
2022-05-16 16:05:696 INFO  ProductPage :64 - Select size from dropdown : [[ChromeDriver: chrome on WINDOWS (6a918d218979f8f8fa3d58b3774d167f)] -> css selector: #group_1]
2022-05-16 16:05:767 INFO  ProductPage :58 - Click on colour : [[ChromeDriver: chrome on WINDOWS (6a918d218979f8f8fa3d58b3774d167f)] -> xpath: //ul[@id='color_to_pick_list']//li]
2022-05-16 16:05:836 INFO  ProductPage :53 - Click on add cart : [[ChromeDriver: chrome on WINDOWS (6a918d218979f8f8fa3d58b3774d167f)] -> xpath: //span[contains(text(),'Add to cart')]]
2022-05-16 16:05:930 INFO  ManageDriver :31 - Launching Chrome Browser
2022-05-16 16:05:847 INFO  HomePage :47 - Click on woman tab link : [[ChromeDriver: chrome on WINDOWS (19f2ba689b6dea825a7e5c4ca6444a0c)] -> link text: Women]
2022-05-16 16:05:835 INFO  ManageDriver :31 - Launching Chrome Browser
2022-05-16 16:05:430 INFO  HomePage :47 - Click on woman tab link : [[ChromeDriver: chrome on WINDOWS (35388c95fa976ff6c21cba7fab099de9)] -> link text: Women]
2022-05-16 16:05:493 INFO  WomenCategoryPage :54 - Click on product : [[[ChromeDriver: chrome on WINDOWS (35388c95fa976ff6c21cba7fab099de9)] -> xpath: //a[@class='product-name']], [[ChromeDriver: chrome on WINDOWS (35388c95fa976ff6c21cba7fab099de9)] -> xpath: //a[@class='product-name']], [[ChromeDriver: chrome on WINDOWS (35388c95fa976ff6c21cba7fab099de9)] -> xpath: //a[@class='product-name']], [[ChromeDriver: chrome on WINDOWS (35388c95fa976ff6c21cba7fab099de9)] -> xpath: //a[@class='product-name']], [[ChromeDriver: chrome on WINDOWS (35388c95fa976ff6c21cba7fab099de9)] -> xpath: //a[@class='product-name']], [[ChromeDriver: chrome on WINDOWS (35388c95fa976ff6c21cba7fab099de9)] -> xpath: //a[@class='product-name']], [[ChromeDriver: chrome on WINDOWS (35388c95fa976ff6c21cba7fab099de9)] -> xpath: //a[@class='product-name']], [[ChromeDriver: chrome on WINDOWS (35388c95fa976ff6c21cba7fab099de9)] -> xpath: //a[@class='product-name']]]
2022-05-16 16:05:116 INFO  ProductPage :48 - Enter quantity : [[ChromeDriver: chrome on WINDOWS (35388c95fa976ff6c21cba7fab099de9)] -> xpath: //input[@id='quantity_wanted']]
2022-05-16 16:05:321 INFO  ProductPage :64 - Select size from dropdown : [[ChromeDriver: chrome on WINDOWS (35388c95fa976ff6c21cba7fab099de9)] -> css selector: #group_1]
2022-05-16 16:05:433 INFO  ProductPage :58 - Click on colour : [[ChromeDriver: chrome on WINDOWS (35388c95fa976ff6c21cba7fab099de9)] -> xpath: //ul[@id='color_to_pick_list']//li]
2022-05-16 16:05:501 INFO  ProductPage :53 - Click on add cart : [[ChromeDriver: chrome on WINDOWS (35388c95fa976ff6c21cba7fab099de9)] -> xpath: //span[contains(text(),'Add to cart')]]
2022-05-16 16:05:622 INFO  WomenCategoryPage :47 - Close the pop up window : [[ChromeDriver: chrome on WINDOWS (35388c95fa976ff6c21cba7fab099de9)] -> xpath: //span[@title='Close window']]
2022-05-16 16:05:328 INFO  ManageDriver :31 - Launching Chrome Browser
2022-05-16 16:05:749 INFO  HomePage :47 - Click on woman tab link : [[ChromeDriver: chrome on WINDOWS (679668fc9fe3a89ea9c63457f38ca3e0)] -> link text: Women]
2022-05-16 16:05:25 INFO  WomenCategoryPage :54 - Click on product : [[[ChromeDriver: chrome on WINDOWS (679668fc9fe3a89ea9c63457f38ca3e0)] -> xpath: //a[@class='product-name']], [[ChromeDriver: chrome on WINDOWS (679668fc9fe3a89ea9c63457f38ca3e0)] -> xpath: //a[@class='product-name']], [[ChromeDriver: chrome on WINDOWS (679668fc9fe3a89ea9c63457f38ca3e0)] -> xpath: //a[@class='product-name']], [[ChromeDriver: chrome on WINDOWS (679668fc9fe3a89ea9c63457f38ca3e0)] -> xpath: //a[@class='product-name']], [[ChromeDriver: chrome on WINDOWS (679668fc9fe3a89ea9c63457f38ca3e0)] -> xpath: //a[@class='product-name']], [[ChromeDriver: chrome on WINDOWS (679668fc9fe3a89ea9c63457f38ca3e0)] -> xpath: //a[@class='product-name']], [[ChromeDriver: chrome on WINDOWS (679668fc9fe3a89ea9c63457f38ca3e0)] -> xpath: //a[@class='product-name']], [[ChromeDriver: chrome on WINDOWS (679668fc9fe3a89ea9c63457f38ca3e0)] -> xpath: //a[@class='product-name']]]
2022-05-16 16:05:663 INFO  ProductPage :48 - Enter quantity : [[ChromeDriver: chrome on WINDOWS (679668fc9fe3a89ea9c63457f38ca3e0)] -> xpath: //input[@id='quantity_wanted']]
2022-05-16 16:05:822 INFO  ProductPage :64 - Select size from dropdown : [[ChromeDriver: chrome on WINDOWS (679668fc9fe3a89ea9c63457f38ca3e0)] -> css selector: #group_1]
2022-05-16 16:05:925 INFO  ProductPage :58 - Click on colour : [[ChromeDriver: chrome on WINDOWS (679668fc9fe3a89ea9c63457f38ca3e0)] -> xpath: //ul[@id='color_to_pick_list']//li]
2022-05-16 16:05:975 INFO  ProductPage :53 - Click on add cart : [[ChromeDriver: chrome on WINDOWS (679668fc9fe3a89ea9c63457f38ca3e0)] -> xpath: //span[contains(text(),'Add to cart')]]
2022-05-16 16:05:111 INFO  WomenCategoryPage :47 - Close the pop up window : [[ChromeDriver: chrome on WINDOWS (679668fc9fe3a89ea9c63457f38ca3e0)] -> xpath: //span[@title='Close window']]
2022-05-16 16:05:833 INFO  ManageDriver :31 - Launching Chrome Browser
2022-05-16 16:05:335 INFO  HomePage :47 - Click on woman tab link : [[ChromeDriver: chrome on WINDOWS (6490dff3e848bc7e58476645fbdcef8a)] -> link text: Women]
2022-05-16 16:05:350 INFO  WomenCategoryPage :54 - Click on product : [[[ChromeDriver: chrome on WINDOWS (6490dff3e848bc7e58476645fbdcef8a)] -> xpath: //a[@class='product-name']], [[ChromeDriver: chrome on WINDOWS (6490dff3e848bc7e58476645fbdcef8a)] -> xpath: //a[@class='product-name']], [[ChromeDriver: chrome on WINDOWS (6490dff3e848bc7e58476645fbdcef8a)] -> xpath: //a[@class='product-name']], [[ChromeDriver: chrome on WINDOWS (6490dff3e848bc7e58476645fbdcef8a)] -> xpath: //a[@class='product-name']], [[ChromeDriver: chrome on WINDOWS (6490dff3e848bc7e58476645fbdcef8a)] -> xpath: //a[@class='product-name']], [[ChromeDriver: chrome on WINDOWS (6490dff3e848bc7e58476645fbdcef8a)] -> xpath: //a[@class='product-name']], [[ChromeDriver: chrome on WINDOWS (6490dff3e848bc7e58476645fbdcef8a)] -> xpath: //a[@class='product-name']], [[ChromeDriver: chrome on WINDOWS (6490dff3e848bc7e58476645fbdcef8a)] -> xpath: //a[@class='product-name']]]
2022-05-16 16:05:971 INFO  ProductPage :48 - Enter quantity : [[ChromeDriver: chrome on WINDOWS (6490dff3e848bc7e58476645fbdcef8a)] -> xpath: //input[@id='quantity_wanted']]
2022-05-16 16:05:63 INFO  ProductPage :64 - Select size from dropdown : [[ChromeDriver: chrome on WINDOWS (6490dff3e848bc7e58476645fbdcef8a)] -> css selector: #group_1]
2022-05-16 16:05:128 INFO  ProductPage :58 - Click on colour : [[ChromeDriver: chrome on WINDOWS (6490dff3e848bc7e58476645fbdcef8a)] -> xpath: //ul[@id='color_to_pick_list']//li]
2022-05-16 16:05:185 INFO  ProductPage :53 - Click on add cart : [[ChromeDriver: chrome on WINDOWS (6490dff3e848bc7e58476645fbdcef8a)] -> xpath: //span[contains(text(),'Add to cart')]]
2022-05-16 16:05:262 INFO  WomenCategoryPage :47 - Close the pop up window : [[ChromeDriver: chrome on WINDOWS (6490dff3e848bc7e58476645fbdcef8a)] -> xpath: //span[@title='Close window']]
2022-05-16 16:05:999 INFO  ManageDriver :31 - Launching Chrome Browser
2022-05-16 16:05:671 INFO  HomePage :47 - Click on woman tab link : [[ChromeDriver: chrome on WINDOWS (11e47307d00e6dda8449f4241aadfdea)] -> link text: Women]
2022-05-16 16:05:577 INFO  ManageDriver :31 - Launching Chrome Browser
2022-05-16 16:05:206 INFO  HomePage :62 - Click on sign link : [[ChromeDriver: chrome on WINDOWS (635a02933b5e30db24e16ef12461aa0d)] -> partial link text: Sign]
2022-05-16 16:05:291 INFO  SignInPage :58 - Enter email to create an account email field : [[ChromeDriver: chrome on WINDOWS (635a02933b5e30db24e16ef12461aa0d)] -> xpath: //input[@id='email_create']]
2022-05-16 16:05:346 INFO  SignInPage :78 - Click on create account button : [[ChromeDriver: chrome on WINDOWS (635a02933b5e30db24e16ef12461aa0d)] -> xpath: //button[@id='SubmitCreate']]
2022-05-16 16:05:324 INFO  ManageDriver :31 - Launching Chrome Browser
2022-05-16 16:05:944 INFO  ManageDriver :31 - Launching Chrome Browser
2022-05-16 16:05:864 INFO  HomePage :62 - Click on sign link : [[ChromeDriver: chrome on WINDOWS (b7f9b5de631a2d1dcc24ecbe5782d1bc)] -> partial link text: Sign]
2022-05-16 16:05:952 INFO  SignInPage :58 - Enter email to create an account email field : [[ChromeDriver: chrome on WINDOWS (b7f9b5de631a2d1dcc24ecbe5782d1bc)] -> xpath: //input[@id='email_create']]
2022-05-16 16:05:10 INFO  SignInPage :78 - Click on create account button : [[ChromeDriver: chrome on WINDOWS (b7f9b5de631a2d1dcc24ecbe5782d1bc)] -> xpath: //button[@id='SubmitCreate']]
2022-05-16 16:05:58 INFO  CreateAccountPage :203 - Click on male radio button : [[ChromeDriver: chrome on WINDOWS (b7f9b5de631a2d1dcc24ecbe5782d1bc)] -> xpath: //div[@id='uniform-id_gender1']]
2022-05-16 16:05:133 INFO  CreateAccountPage :198 - Enter first name : [[ChromeDriver: chrome on WINDOWS (b7f9b5de631a2d1dcc24ecbe5782d1bc)] -> xpath: //input[@id='customer_firstname']]
2022-05-16 16:05:201 INFO  CreateAccountPage :193 - Enter lastname : [[ChromeDriver: chrome on WINDOWS (b7f9b5de631a2d1dcc24ecbe5782d1bc)] -> xpath: //input[@id='customer_lastname']]
2022-05-16 16:05:271 INFO  CreateAccountPage :188 - Enter password : [[ChromeDriver: chrome on WINDOWS (b7f9b5de631a2d1dcc24ecbe5782d1bc)] -> xpath: //input[@id='passwd']]
2022-05-16 16:05:435 INFO  CreateAccountPage :183 - Select day from dropdown : [[ChromeDriver: chrome on WINDOWS (b7f9b5de631a2d1dcc24ecbe5782d1bc)] -> xpath: //select[@id='days']]
2022-05-16 16:05:583 INFO  CreateAccountPage :171 - Select month from dropdown : [[ChromeDriver: chrome on WINDOWS (b7f9b5de631a2d1dcc24ecbe5782d1bc)] -> xpath: //select[@id='months']]
2022-05-16 16:05:737 INFO  CreateAccountPage :177 - Select year from dropdown : [[ChromeDriver: chrome on WINDOWS (b7f9b5de631a2d1dcc24ecbe5782d1bc)] -> xpath: //select[@id='years']]
2022-05-16 16:05:830 INFO  CreateAccountPage :165 - Click on news letter check box : [[ChromeDriver: chrome on WINDOWS (b7f9b5de631a2d1dcc24ecbe5782d1bc)] -> xpath: //input[@id='newsletter']]
2022-05-16 16:05:882 INFO  CreateAccountPage :160 - Click on special offer check box : [[ChromeDriver: chrome on WINDOWS (b7f9b5de631a2d1dcc24ecbe5782d1bc)] -> xpath: //input[@id='optin']]
2022-05-16 16:05:944 INFO  CreateAccountPage :145 - Enter address : [[ChromeDriver: chrome on WINDOWS (b7f9b5de631a2d1dcc24ecbe5782d1bc)] -> css selector: #address1]
2022-05-16 16:05:09 INFO  CreateAccountPage :140 - Enter city name : [[ChromeDriver: chrome on WINDOWS (b7f9b5de631a2d1dcc24ecbe5782d1bc)] -> xpath: //input[@id='city']]
2022-05-16 16:05:135 INFO  CreateAccountPage :135 - Select state : [[ChromeDriver: chrome on WINDOWS (b7f9b5de631a2d1dcc24ecbe5782d1bc)] -> xpath: //select[@id='id_state']]
2022-05-16 16:05:228 INFO  CreateAccountPage :129 - Enter zipcode : [[ChromeDriver: chrome on WINDOWS (b7f9b5de631a2d1dcc24ecbe5782d1bc)] -> xpath: //input[@id='postcode']]
2022-05-16 16:05:308 INFO  CreateAccountPage :124 - Enter mobile number : [[ChromeDriver: chrome on WINDOWS (b7f9b5de631a2d1dcc24ecbe5782d1bc)] -> xpath: //input[@id='phone_mobile']]
2022-05-16 16:05:06 INFO  CreateAccountPage :114 - Click on register button : [[ChromeDriver: chrome on WINDOWS (b7f9b5de631a2d1dcc24ecbe5782d1bc)] -> xpath: //button[@id='submitAccount']]
2022-05-16 16:05:26 INFO  CreateAccountPage :100 - Verify my account text : [[ChromeDriver: chrome on WINDOWS (b7f9b5de631a2d1dcc24ecbe5782d1bc)] -> xpath: //h1[contains(text(),'My account')]]
2022-05-16 16:05:955 INFO  ManageDriver :31 - Launching Chrome Browser
2022-05-16 16:05:390 INFO  HomePage :62 - Click on sign link : [[ChromeDriver: chrome on WINDOWS (73c94b5bd9ca2e35ad490133331c25da)] -> partial link text: Sign]
2022-05-16 16:05:472 INFO  SignInPage :63 - Enter email : [[ChromeDriver: chrome on WINDOWS (73c94b5bd9ca2e35ad490133331c25da)] -> xpath: //input[@id='email']]
2022-05-16 16:05:544 INFO  SignInPage :68 - Enter password : [[ChromeDriver: chrome on WINDOWS (73c94b5bd9ca2e35ad490133331c25da)] -> xpath: //input[@id='passwd']]
2022-05-16 16:05:968 INFO  SignInPage :73 - Click on  log in button : [[ChromeDriver: chrome on WINDOWS (73c94b5bd9ca2e35ad490133331c25da)] -> xpath: //i[@class='icon-lock left']]
2022-05-16 16:05:591 INFO  CreateAccountPage :109 - Click on sign out link [[ChromeDriver: chrome on WINDOWS (73c94b5bd9ca2e35ad490133331c25da)] -> link text: Sign out]
2022-05-16 16:05:605 INFO  HomePage :41 - Verify sign link is displayed : [[ChromeDriver: chrome on WINDOWS (73c94b5bd9ca2e35ad490133331c25da)] -> partial link text: Sign]
2022-05-16 16:05:421 INFO  ManageDriver :31 - Launching Chrome Browser
2022-05-16 16:05:428 INFO  HomePage :62 - Click on sign link : [[ChromeDriver: chrome on WINDOWS (fd212f36397fc04b3db1fc57b2bb738f)] -> partial link text: Sign]
2022-05-16 16:05:525 INFO  SignInPage :58 - Enter email to create an account email field : [[ChromeDriver: chrome on WINDOWS (fd212f36397fc04b3db1fc57b2bb738f)] -> xpath: //input[@id='email_create']]
2022-05-16 16:05:593 INFO  SignInPage :78 - Click on create account button : [[ChromeDriver: chrome on WINDOWS (fd212f36397fc04b3db1fc57b2bb738f)] -> xpath: //button[@id='SubmitCreate']]
2022-05-16 16:05:138 INFO  CreateAccountPage :203 - Click on male radio button : [[ChromeDriver: chrome on WINDOWS (fd212f36397fc04b3db1fc57b2bb738f)] -> xpath: //div[@id='uniform-id_gender1']]
2022-05-16 16:05:220 INFO  CreateAccountPage :198 - Enter first name : [[ChromeDriver: chrome on WINDOWS (fd212f36397fc04b3db1fc57b2bb738f)] -> xpath: //input[@id='customer_firstname']]
2022-05-16 16:05:293 INFO  CreateAccountPage :193 - Enter lastname : [[ChromeDriver: chrome on WINDOWS (fd212f36397fc04b3db1fc57b2bb738f)] -> xpath: //input[@id='customer_lastname']]
2022-05-16 16:05:371 INFO  CreateAccountPage :188 - Enter password : [[ChromeDriver: chrome on WINDOWS (fd212f36397fc04b3db1fc57b2bb738f)] -> xpath: //input[@id='passwd']]
2022-05-16 16:05:514 INFO  CreateAccountPage :183 - Select day from dropdown : [[ChromeDriver: chrome on WINDOWS (fd212f36397fc04b3db1fc57b2bb738f)] -> xpath: //select[@id='days']]
2022-05-16 16:05:651 INFO  CreateAccountPage :171 - Select month from dropdown : [[ChromeDriver: chrome on WINDOWS (fd212f36397fc04b3db1fc57b2bb738f)] -> xpath: //select[@id='months']]
2022-05-16 16:05:809 INFO  CreateAccountPage :177 - Select year from dropdown : [[ChromeDriver: chrome on WINDOWS (fd212f36397fc04b3db1fc57b2bb738f)] -> xpath: //select[@id='years']]
2022-05-16 16:05:902 INFO  CreateAccountPage :165 - Click on news letter check box : [[ChromeDriver: chrome on WINDOWS (fd212f36397fc04b3db1fc57b2bb738f)] -> xpath: //input[@id='newsletter']]
2022-05-16 16:05:953 INFO  CreateAccountPage :160 - Click on special offer check box : [[ChromeDriver: chrome on WINDOWS (fd212f36397fc04b3db1fc57b2bb738f)] -> xpath: //input[@id='optin']]
2022-05-16 16:05:15 INFO  CreateAccountPage :145 - Enter address : [[ChromeDriver: chrome on WINDOWS (fd212f36397fc04b3db1fc57b2bb738f)] -> css selector: #address1]
2022-05-16 16:05:77 INFO  CreateAccountPage :140 - Enter city name : [[ChromeDriver: chrome on WINDOWS (fd212f36397fc04b3db1fc57b2bb738f)] -> xpath: //input[@id='city']]
2022-05-16 16:05:217 INFO  CreateAccountPage :135 - Select state : [[ChromeDriver: chrome on WINDOWS (fd212f36397fc04b3db1fc57b2bb738f)] -> xpath: //select[@id='id_state']]
2022-05-16 16:05:302 INFO  CreateAccountPage :129 - Enter zipcode : [[ChromeDriver: chrome on WINDOWS (fd212f36397fc04b3db1fc57b2bb738f)] -> xpath: //input[@id='postcode']]
2022-05-16 16:05:384 INFO  CreateAccountPage :124 - Enter mobile number : [[ChromeDriver: chrome on WINDOWS (fd212f36397fc04b3db1fc57b2bb738f)] -> xpath: //input[@id='phone_mobile']]
2022-05-16 16:05:775 INFO  CreateAccountPage :114 - Click on register button : [[ChromeDriver: chrome on WINDOWS (fd212f36397fc04b3db1fc57b2bb738f)] -> xpath: //button[@id='submitAccount']]
2022-05-16 16:05:791 INFO  CreateAccountPage :100 - Verify my account text : [[ChromeDriver: chrome on WINDOWS (fd212f36397fc04b3db1fc57b2bb738f)] -> xpath: //h1[contains(text(),'My account')]]
2022-05-16 16:05:810 INFO  ManageDriver :31 - Launching Chrome Browser
2022-05-16 16:05:891 INFO  HomePage :62 - Click on sign link : [[ChromeDriver: chrome on WINDOWS (da23609b80dbc4c8535a2a4565f7f99b)] -> partial link text: Sign]
2022-05-16 16:05:909 INFO  SignInPage :82 - Verify authentication text : [[ChromeDriver: chrome on WINDOWS (da23609b80dbc4c8535a2a4565f7f99b)] -> xpath: //h1[contains(text(),'Authentication')]]
2022-05-16 16:05:641 INFO  ManageDriver :31 - Launching Chrome Browser
2022-05-16 16:05:476 INFO  HomePage :62 - Click on sign link : [[ChromeDriver: chrome on WINDOWS (e1d4bd1b76288feebec2f10bc856af5f)] -> partial link text: Sign]
2022-05-16 16:05:889 INFO  ManageDriver :31 - Launching Chrome Browser
2022-05-16 16:05:981 INFO  ManageDriver :31 - Launching Chrome Browser
2022-05-16 16:05:877 INFO  HomePage :62 - Click on sign link : [[ChromeDriver: chrome on WINDOWS (77d0017146a19eb5e02c018cfa31f8d7)] -> partial link text: Sign]
2022-05-16 16:05:35 INFO  SignInPage :58 - Enter email to create an account email field : [[ChromeDriver: chrome on WINDOWS (77d0017146a19eb5e02c018cfa31f8d7)] -> xpath: //input[@id='email_create']]
2022-05-16 16:05:138 INFO  SignInPage :78 - Click on create account button : [[ChromeDriver: chrome on WINDOWS (77d0017146a19eb5e02c018cfa31f8d7)] -> xpath: //button[@id='SubmitCreate']]
2022-05-16 16:05:487 INFO  ManageDriver :31 - Launching Chrome Browser
2022-05-16 16:05:268 INFO  ManageDriver :31 - Launching Chrome Browser
2022-05-16 16:05:334 INFO  HomePage :62 - Click on sign link : [[ChromeDriver: chrome on WINDOWS (2a10e01e6991ea0f9032f24dda87a6c6)] -> partial link text: Sign]
2022-05-16 16:05:520 INFO  SignInPage :58 - Enter email to create an account email field : [[ChromeDriver: chrome on WINDOWS (2a10e01e6991ea0f9032f24dda87a6c6)] -> xpath: //input[@id='email_create']]
2022-05-16 16:05:629 INFO  SignInPage :78 - Click on create account button : [[ChromeDriver: chrome on WINDOWS (2a10e01e6991ea0f9032f24dda87a6c6)] -> xpath: //button[@id='SubmitCreate']]
2022-05-16 16:05:669 INFO  CreateAccountPage :203 - Click on male radio button : [[ChromeDriver: chrome on WINDOWS (2a10e01e6991ea0f9032f24dda87a6c6)] -> xpath: //div[@id='uniform-id_gender1']]
2022-05-16 16:05:839 INFO  CreateAccountPage :198 - Enter first name : [[ChromeDriver: chrome on WINDOWS (2a10e01e6991ea0f9032f24dda87a6c6)] -> xpath: //input[@id='customer_firstname']]
2022-05-16 16:05:979 INFO  CreateAccountPage :193 - Enter lastname : [[ChromeDriver: chrome on WINDOWS (2a10e01e6991ea0f9032f24dda87a6c6)] -> xpath: //input[@id='customer_lastname']]
2022-05-16 16:05:133 INFO  CreateAccountPage :188 - Enter password : [[ChromeDriver: chrome on WINDOWS (2a10e01e6991ea0f9032f24dda87a6c6)] -> xpath: //input[@id='passwd']]
2022-05-16 16:05:393 INFO  CreateAccountPage :183 - Select day from dropdown : [[ChromeDriver: chrome on WINDOWS (2a10e01e6991ea0f9032f24dda87a6c6)] -> xpath: //select[@id='days']]
2022-05-16 16:05:601 INFO  CreateAccountPage :171 - Select month from dropdown : [[ChromeDriver: chrome on WINDOWS (2a10e01e6991ea0f9032f24dda87a6c6)] -> xpath: //select[@id='months']]
2022-05-16 16:05:855 INFO  CreateAccountPage :177 - Select year from dropdown : [[ChromeDriver: chrome on WINDOWS (2a10e01e6991ea0f9032f24dda87a6c6)] -> xpath: //select[@id='years']]
2022-05-16 16:05:947 INFO  CreateAccountPage :165 - Click on news letter check box : [[ChromeDriver: chrome on WINDOWS (2a10e01e6991ea0f9032f24dda87a6c6)] -> xpath: //input[@id='newsletter']]
2022-05-16 16:05:33 INFO  CreateAccountPage :160 - Click on special offer check box : [[ChromeDriver: chrome on WINDOWS (2a10e01e6991ea0f9032f24dda87a6c6)] -> xpath: //input[@id='optin']]
2022-05-16 16:05:142 INFO  CreateAccountPage :145 - Enter address : [[ChromeDriver: chrome on WINDOWS (2a10e01e6991ea0f9032f24dda87a6c6)] -> css selector: #address1]
2022-05-16 16:05:245 INFO  CreateAccountPage :140 - Enter city name : [[ChromeDriver: chrome on WINDOWS (2a10e01e6991ea0f9032f24dda87a6c6)] -> xpath: //input[@id='city']]
2022-05-16 16:05:473 INFO  CreateAccountPage :135 - Select state : [[ChromeDriver: chrome on WINDOWS (2a10e01e6991ea0f9032f24dda87a6c6)] -> xpath: //select[@id='id_state']]
2022-05-16 16:05:633 INFO  CreateAccountPage :129 - Enter zipcode : [[ChromeDriver: chrome on WINDOWS (2a10e01e6991ea0f9032f24dda87a6c6)] -> xpath: //input[@id='postcode']]
2022-05-16 16:05:750 INFO  CreateAccountPage :124 - Enter mobile number : [[ChromeDriver: chrome on WINDOWS (2a10e01e6991ea0f9032f24dda87a6c6)] -> xpath: //input[@id='phone_mobile']]
2022-05-16 16:05:593 INFO  CreateAccountPage :114 - Click on register button : [[ChromeDriver: chrome on WINDOWS (2a10e01e6991ea0f9032f24dda87a6c6)] -> xpath: //button[@id='submitAccount']]
2022-05-16 16:05:649 INFO  CreateAccountPage :100 - Verify my account text : [[ChromeDriver: chrome on WINDOWS (2a10e01e6991ea0f9032f24dda87a6c6)] -> xpath: //h1[contains(text(),'My account')]]
2022-05-16 16:05:233 INFO  ManageDriver :31 - Launching Chrome Browser
2022-05-16 16:05:502 INFO  HomePage :62 - Click on sign link : [[ChromeDriver: chrome on WINDOWS (263709171c6c5e03758f93606b08184d)] -> partial link text: Sign]
2022-05-16 16:05:528 INFO  SignInPage :82 - Verify authentication text : [[ChromeDriver: chrome on WINDOWS (263709171c6c5e03758f93606b08184d)] -> xpath: //h1[contains(text(),'Authentication')]]
2022-05-16 16:05:406 INFO  ManageDriver :31 - Launching Chrome Browser
2022-05-16 16:05:891 INFO  HomePage :62 - Click on sign link : [[ChromeDriver: chrome on WINDOWS (67e58e04e4731a8d006ded2bb5eea809)] -> partial link text: Sign]
2022-05-16 16:05:74 INFO  ManageDriver :31 - Launching Chrome Browser
2022-05-16 16:05:267 INFO  HomePage :62 - Click on sign link : [[ChromeDriver: chrome on WINDOWS (df411fa7b1d859daa15d64ab53a38590)] -> partial link text: Sign]
2022-05-16 16:05:131 INFO  ManageDriver :31 - Launching Chrome Browser
2022-05-16 16:05:315 INFO  ManageDriver :31 - Launching Chrome Browser
2022-05-16 16:05:221 INFO  HomePage :62 - Click on sign link : [[ChromeDriver: chrome on WINDOWS (88ebf3a57eb854eef38edd39d9224969)] -> partial link text: Sign]
2022-05-16 16:05:146 INFO  ManageDriver :31 - Launching Chrome Browser
2022-05-16 16:05:541 INFO  ManageDriver :31 - Launching Chrome Browser
2022-05-16 16:05:545 INFO  HomePage :62 - Click on sign link : [[ChromeDriver: chrome on WINDOWS (1660c88612cc182ce17b9e8ad1797100)] -> partial link text: Sign]
2022-05-16 16:05:825 INFO  SignInPage :58 - Enter email to create an account email field : [[ChromeDriver: chrome on WINDOWS (1660c88612cc182ce17b9e8ad1797100)] -> xpath: //input[@id='email_create']]
2022-05-16 16:05:952 INFO  SignInPage :78 - Click on create account button : [[ChromeDriver: chrome on WINDOWS (1660c88612cc182ce17b9e8ad1797100)] -> xpath: //button[@id='SubmitCreate']]
2022-05-16 16:05:644 INFO  ManageDriver :31 - Launching Chrome Browser
2022-05-16 16:05:860 INFO  HomePage :62 - Click on sign link : [[ChromeDriver: chrome on WINDOWS (edaddbffe341461009cf5f2b5b852aa0)] -> partial link text: Sign]
2022-05-16 16:05:195 INFO  SignInPage :58 - Enter email to create an account email field : [[ChromeDriver: chrome on WINDOWS (edaddbffe341461009cf5f2b5b852aa0)] -> xpath: //input[@id='email_create']]
2022-05-16 16:05:406 INFO  SignInPage :78 - Click on create account button : [[ChromeDriver: chrome on WINDOWS (edaddbffe341461009cf5f2b5b852aa0)] -> xpath: //button[@id='SubmitCreate']]
2022-05-16 16:05:674 INFO  CreateAccountPage :203 - Click on male radio button : [[ChromeDriver: chrome on WINDOWS (edaddbffe341461009cf5f2b5b852aa0)] -> xpath: //div[@id='uniform-id_gender1']]
2022-05-16 16:05:825 INFO  CreateAccountPage :198 - Enter first name : [[ChromeDriver: chrome on WINDOWS (edaddbffe341461009cf5f2b5b852aa0)] -> xpath: //input[@id='customer_firstname']]
2022-05-16 16:05:960 INFO  CreateAccountPage :193 - Enter lastname : [[ChromeDriver: chrome on WINDOWS (edaddbffe341461009cf5f2b5b852aa0)] -> xpath: //input[@id='customer_lastname']]
2022-05-16 16:05:108 INFO  CreateAccountPage :188 - Enter password : [[ChromeDriver: chrome on WINDOWS (edaddbffe341461009cf5f2b5b852aa0)] -> xpath: //input[@id='passwd']]
2022-05-16 16:05:366 INFO  CreateAccountPage :183 - Select day from dropdown : [[ChromeDriver: chrome on WINDOWS (edaddbffe341461009cf5f2b5b852aa0)] -> xpath: //select[@id='days']]
2022-05-16 16:05:622 INFO  CreateAccountPage :171 - Select month from dropdown : [[ChromeDriver: chrome on WINDOWS (edaddbffe341461009cf5f2b5b852aa0)] -> xpath: //select[@id='months']]
2022-05-16 16:05:966 INFO  CreateAccountPage :177 - Select year from dropdown : [[ChromeDriver: chrome on WINDOWS (edaddbffe341461009cf5f2b5b852aa0)] -> xpath: //select[@id='years']]
2022-05-16 16:05:82 INFO  CreateAccountPage :165 - Click on news letter check box : [[ChromeDriver: chrome on WINDOWS (edaddbffe341461009cf5f2b5b852aa0)] -> xpath: //input[@id='newsletter']]
2022-05-16 16:05:166 INFO  CreateAccountPage :160 - Click on special offer check box : [[ChromeDriver: chrome on WINDOWS (edaddbffe341461009cf5f2b5b852aa0)] -> xpath: //input[@id='optin']]
2022-05-16 16:05:275 INFO  CreateAccountPage :145 - Enter address : [[ChromeDriver: chrome on WINDOWS (edaddbffe341461009cf5f2b5b852aa0)] -> css selector: #address1]
2022-05-16 16:05:415 INFO  CreateAccountPage :140 - Enter city name : [[ChromeDriver: chrome on WINDOWS (edaddbffe341461009cf5f2b5b852aa0)] -> xpath: //input[@id='city']]
2022-05-16 16:05:700 INFO  CreateAccountPage :135 - Select state : [[ChromeDriver: chrome on WINDOWS (edaddbffe341461009cf5f2b5b852aa0)] -> xpath: //select[@id='id_state']]
2022-05-16 16:05:833 INFO  CreateAccountPage :129 - Enter zipcode : [[ChromeDriver: chrome on WINDOWS (edaddbffe341461009cf5f2b5b852aa0)] -> xpath: //input[@id='postcode']]
2022-05-16 16:05:957 INFO  CreateAccountPage :124 - Enter mobile number : [[ChromeDriver: chrome on WINDOWS (edaddbffe341461009cf5f2b5b852aa0)] -> xpath: //input[@id='phone_mobile']]
2022-05-16 16:05:468 INFO  CreateAccountPage :114 - Click on register button : [[ChromeDriver: chrome on WINDOWS (edaddbffe341461009cf5f2b5b852aa0)] -> xpath: //button[@id='submitAccount']]
2022-05-16 16:05:499 INFO  CreateAccountPage :100 - Verify my account text : [[ChromeDriver: chrome on WINDOWS (edaddbffe341461009cf5f2b5b852aa0)] -> xpath: //h1[contains(text(),'My account')]]
2022-05-16 16:05:976 INFO  ManageDriver :31 - Launching Chrome Browser
2022-05-16 16:05:531 INFO  HomePage :62 - Click on sign link : [[ChromeDriver: chrome on WINDOWS (cc1c5d026c47c1478da6138c41d93607)] -> partial link text: Sign]
2022-05-16 16:05:563 INFO  SignInPage :82 - Verify authentication text : [[ChromeDriver: chrome on WINDOWS (cc1c5d026c47c1478da6138c41d93607)] -> xpath: //h1[contains(text(),'Authentication')]]
2022-05-16 16:05:411 INFO  ManageDriver :31 - Launching Chrome Browser
2022-05-16 16:05:341 INFO  HomePage :62 - Click on sign link : [[ChromeDriver: chrome on WINDOWS (fae2acaeee77185dbae59043ad00667c)] -> partial link text: Sign]
2022-05-16 16:05:427 INFO  SignInPage :63 - Enter email : [[ChromeDriver: chrome on WINDOWS (fae2acaeee77185dbae59043ad00667c)] -> xpath: //input[@id='email']]
2022-05-16 16:05:542 INFO  SignInPage :68 - Enter password : [[ChromeDriver: chrome on WINDOWS (fae2acaeee77185dbae59043ad00667c)] -> xpath: //input[@id='passwd']]
2022-05-16 16:05:104 INFO  SignInPage :73 - Click on  log in button : [[ChromeDriver: chrome on WINDOWS (fae2acaeee77185dbae59043ad00667c)] -> xpath: //i[@class='icon-lock left']]
2022-05-16 16:05:125 INFO  SignInPage :52 - Verify error message : [[ChromeDriver: chrome on WINDOWS (fae2acaeee77185dbae59043ad00667c)] -> xpath: //div[@class='alert alert-danger']//li]
2022-05-16 16:05:976 INFO  ManageDriver :31 - Launching Chrome Browser
2022-05-16 16:05:789 INFO  HomePage :62 - Click on sign link : [[ChromeDriver: chrome on WINDOWS (1e81eacda6be11f65e4f3c452a05edaf)] -> partial link text: Sign]
2022-05-16 16:05:975 INFO  SignInPage :63 - Enter email : [[ChromeDriver: chrome on WINDOWS (1e81eacda6be11f65e4f3c452a05edaf)] -> xpath: //input[@id='email']]
2022-05-16 16:05:70 INFO  SignInPage :68 - Enter password : [[ChromeDriver: chrome on WINDOWS (1e81eacda6be11f65e4f3c452a05edaf)] -> xpath: //input[@id='passwd']]
2022-05-16 16:05:361 INFO  SignInPage :73 - Click on  log in button : [[ChromeDriver: chrome on WINDOWS (1e81eacda6be11f65e4f3c452a05edaf)] -> xpath: //i[@class='icon-lock left']]
2022-05-16 16:05:411 INFO  SignInPage :52 - Verify error message : [[ChromeDriver: chrome on WINDOWS (1e81eacda6be11f65e4f3c452a05edaf)] -> xpath: //div[@class='alert alert-danger']//li]
2022-05-16 16:05:256 INFO  ManageDriver :31 - Launching Chrome Browser
2022-05-16 16:05:310 INFO  HomePage :62 - Click on sign link : [[ChromeDriver: chrome on WINDOWS (1d4113077976a541ebdbb2d383e110c3)] -> partial link text: Sign]
2022-05-16 16:05:445 INFO  SignInPage :63 - Enter email : [[ChromeDriver: chrome on WINDOWS (1d4113077976a541ebdbb2d383e110c3)] -> xpath: //input[@id='email']]
2022-05-16 16:05:591 INFO  SignInPage :68 - Enter password : [[ChromeDriver: chrome on WINDOWS (1d4113077976a541ebdbb2d383e110c3)] -> xpath: //input[@id='passwd']]
2022-05-16 16:05:380 INFO  SignInPage :73 - Click on  log in button : [[ChromeDriver: chrome on WINDOWS (1d4113077976a541ebdbb2d383e110c3)] -> xpath: //i[@class='icon-lock left']]
2022-05-16 16:05:428 INFO  SignInPage :52 - Verify error message : [[ChromeDriver: chrome on WINDOWS (1d4113077976a541ebdbb2d383e110c3)] -> xpath: //div[@class='alert alert-danger']//li]
2022-05-16 16:05:371 INFO  ManageDriver :31 - Launching Chrome Browser
2022-05-16 16:05:782 INFO  HomePage :62 - Click on sign link : [[ChromeDriver: chrome on WINDOWS (3a74cc24e4a515fa3f5acf2ec9553bb9)] -> partial link text: Sign]
2022-05-16 16:05:47 INFO  SignInPage :63 - Enter email : [[ChromeDriver: chrome on WINDOWS (3a74cc24e4a515fa3f5acf2ec9553bb9)] -> xpath: //input[@id='email']]
2022-05-16 16:05:294 INFO  SignInPage :68 - Enter password : [[ChromeDriver: chrome on WINDOWS (3a74cc24e4a515fa3f5acf2ec9553bb9)] -> xpath: //input[@id='passwd']]
2022-05-16 16:05:626 INFO  SignInPage :73 - Click on  log in button : [[ChromeDriver: chrome on WINDOWS (3a74cc24e4a515fa3f5acf2ec9553bb9)] -> xpath: //i[@class='icon-lock left']]
2022-05-16 16:05:672 INFO  SignInPage :52 - Verify error message : [[ChromeDriver: chrome on WINDOWS (3a74cc24e4a515fa3f5acf2ec9553bb9)] -> xpath: //div[@class='alert alert-danger']//li]
2022-05-16 16:05:588 INFO  ManageDriver :31 - Launching Chrome Browser
2022-05-16 16:05:782 INFO  HomePage :62 - Click on sign link : [[ChromeDriver: chrome on WINDOWS (62a5529f8c353bcdce62f79435db991c)] -> partial link text: Sign]
2022-05-16 16:05:66 INFO  SignInPage :63 - Enter email : [[ChromeDriver: chrome on WINDOWS (62a5529f8c353bcdce62f79435db991c)] -> xpath: //input[@id='email']]
2022-05-16 16:05:246 INFO  SignInPage :68 - Enter password : [[ChromeDriver: chrome on WINDOWS (62a5529f8c353bcdce62f79435db991c)] -> xpath: //input[@id='passwd']]
2022-05-16 16:05:302 INFO  SignInPage :73 - Click on  log in button : [[ChromeDriver: chrome on WINDOWS (62a5529f8c353bcdce62f79435db991c)] -> xpath: //i[@class='icon-lock left']]
2022-05-16 16:05:332 INFO  CreateAccountPage :104 - Verify my sign out link is displayed : [[ChromeDriver: chrome on WINDOWS (62a5529f8c353bcdce62f79435db991c)] -> link text: Sign out]
2022-05-16 16:05:210 INFO  ManageDriver :31 - Launching Chrome Browser
2022-05-16 16:05:46 INFO  HomePage :62 - Click on sign link : [[ChromeDriver: chrome on WINDOWS (81f5fa605d4924cd72aa60e9e54ea8be)] -> partial link text: Sign]
2022-05-16 16:05:307 INFO  SignInPage :63 - Enter email : [[ChromeDriver: chrome on WINDOWS (81f5fa605d4924cd72aa60e9e54ea8be)] -> xpath: //input[@id='email']]
2022-05-16 16:05:560 INFO  SignInPage :68 - Enter password : [[ChromeDriver: chrome on WINDOWS (81f5fa605d4924cd72aa60e9e54ea8be)] -> xpath: //input[@id='passwd']]
2022-05-16 16:05:447 INFO  SignInPage :73 - Click on  log in button : [[ChromeDriver: chrome on WINDOWS (81f5fa605d4924cd72aa60e9e54ea8be)] -> xpath: //i[@class='icon-lock left']]
2022-05-16 16:05:693 INFO  CreateAccountPage :109 - Click on sign out link [[ChromeDriver: chrome on WINDOWS (81f5fa605d4924cd72aa60e9e54ea8be)] -> link text: Sign out]
2022-05-16 16:05:716 INFO  HomePage :41 - Verify sign link is displayed : [[ChromeDriver: chrome on WINDOWS (81f5fa605d4924cd72aa60e9e54ea8be)] -> partial link text: Sign]
2022-05-16 16:05:565 INFO  ManageDriver :31 - Launching Chrome Browser
2022-05-16 16:05:883 INFO  HomePage :47 - Click on woman tab link : [[ChromeDriver: chrome on WINDOWS (09047ff114012ed02bb0fae4b2306f33)] -> link text: Women]
2022-05-16 16:05:946 INFO  WomenCategoryPage :76 - Verify women text : [[ChromeDriver: chrome on WINDOWS (09047ff114012ed02bb0fae4b2306f33)] -> xpath: //h2[contains(text(),'Women')]]
2022-05-16 16:05:844 INFO  ManageDriver :31 - Launching Chrome Browser
2022-05-16 16:05:941 INFO  HomePage :47 - Click on woman tab link : [[ChromeDriver: chrome on WINDOWS (1b0783dfe3d6664d658dd96db9036c53)] -> link text: Women]
2022-05-16 16:05:709 INFO  WomenCategoryPage :54 - Click on product : [[[ChromeDriver: chrome on WINDOWS (1b0783dfe3d6664d658dd96db9036c53)] -> xpath: //a[@class='product-name']], [[ChromeDriver: chrome on WINDOWS (1b0783dfe3d6664d658dd96db9036c53)] -> xpath: //a[@class='product-name']], [[ChromeDriver: chrome on WINDOWS (1b0783dfe3d6664d658dd96db9036c53)] -> xpath: //a[@class='product-name']], [[ChromeDriver: chrome on WINDOWS (1b0783dfe3d6664d658dd96db9036c53)] -> xpath: //a[@class='product-name']], [[ChromeDriver: chrome on WINDOWS (1b0783dfe3d6664d658dd96db9036c53)] -> xpath: //a[@class='product-name']], [[ChromeDriver: chrome on WINDOWS (1b0783dfe3d6664d658dd96db9036c53)] -> xpath: //a[@class='product-name']], [[ChromeDriver: chrome on WINDOWS (1b0783dfe3d6664d658dd96db9036c53)] -> xpath: //a[@class='product-name']], [[ChromeDriver: chrome on WINDOWS (1b0783dfe3d6664d658dd96db9036c53)] -> xpath: //a[@class='product-name']]]
2022-05-16 16:05:537 INFO  ProductPage :48 - Enter quantity : [[ChromeDriver: chrome on WINDOWS (1b0783dfe3d6664d658dd96db9036c53)] -> xpath: //input[@id='quantity_wanted']]
2022-05-16 16:05:891 INFO  ProductPage :64 - Select size from dropdown : [[ChromeDriver: chrome on WINDOWS (1b0783dfe3d6664d658dd96db9036c53)] -> css selector: #group_1]
2022-05-16 16:05:31 INFO  ProductPage :58 - Click on colour : [[ChromeDriver: chrome on WINDOWS (1b0783dfe3d6664d658dd96db9036c53)] -> xpath: //ul[@id='color_to_pick_list']//li]
2022-05-16 16:05:109 INFO  ProductPage :53 - Click on add cart : [[ChromeDriver: chrome on WINDOWS (1b0783dfe3d6664d658dd96db9036c53)] -> xpath: //span[contains(text(),'Add to cart')]]
2022-05-16 16:05:231 INFO  WomenCategoryPage :47 - Close the pop up window : [[ChromeDriver: chrome on WINDOWS (1b0783dfe3d6664d658dd96db9036c53)] -> xpath: //span[@title='Close window']]
2022-05-16 16:05:996 INFO  ManageDriver :31 - Launching Chrome Browser
2022-05-16 16:05:96 INFO  HomePage :47 - Click on woman tab link : [[ChromeDriver: chrome on WINDOWS (3755db1e1e7d6b734eb79b5aba5c9ec3)] -> link text: Women]
2022-05-16 16:05:768 INFO  WomenCategoryPage :54 - Click on product : [[[ChromeDriver: chrome on WINDOWS (3755db1e1e7d6b734eb79b5aba5c9ec3)] -> xpath: //a[@class='product-name']], [[ChromeDriver: chrome on WINDOWS (3755db1e1e7d6b734eb79b5aba5c9ec3)] -> xpath: //a[@class='product-name']], [[ChromeDriver: chrome on WINDOWS (3755db1e1e7d6b734eb79b5aba5c9ec3)] -> xpath: //a[@class='product-name']], [[ChromeDriver: chrome on WINDOWS (3755db1e1e7d6b734eb79b5aba5c9ec3)] -> xpath: //a[@class='product-name']], [[ChromeDriver: chrome on WINDOWS (3755db1e1e7d6b734eb79b5aba5c9ec3)] -> xpath: //a[@class='product-name']], [[ChromeDriver: chrome on WINDOWS (3755db1e1e7d6b734eb79b5aba5c9ec3)] -> xpath: //a[@class='product-name']], [[ChromeDriver: chrome on WINDOWS (3755db1e1e7d6b734eb79b5aba5c9ec3)] -> xpath: //a[@class='product-name']], [[ChromeDriver: chrome on WINDOWS (3755db1e1e7d6b734eb79b5aba5c9ec3)] -> xpath: //a[@class='product-name']]]
2022-05-16 16:05:673 INFO  ProductPage :48 - Enter quantity : [[ChromeDriver: chrome on WINDOWS (3755db1e1e7d6b734eb79b5aba5c9ec3)] -> xpath: //input[@id='quantity_wanted']]
2022-05-16 16:05:05 INFO  ProductPage :64 - Select size from dropdown : [[ChromeDriver: chrome on WINDOWS (3755db1e1e7d6b734eb79b5aba5c9ec3)] -> css selector: #group_1]
2022-05-16 16:05:145 INFO  ProductPage :58 - Click on colour : [[ChromeDriver: chrome on WINDOWS (3755db1e1e7d6b734eb79b5aba5c9ec3)] -> xpath: //ul[@id='color_to_pick_list']//li]
2022-05-16 16:05:231 INFO  ProductPage :53 - Click on add cart : [[ChromeDriver: chrome on WINDOWS (3755db1e1e7d6b734eb79b5aba5c9ec3)] -> xpath: //span[contains(text(),'Add to cart')]]
2022-05-16 16:05:426 INFO  WomenCategoryPage :47 - Close the pop up window : [[ChromeDriver: chrome on WINDOWS (3755db1e1e7d6b734eb79b5aba5c9ec3)] -> xpath: //span[@title='Close window']]
2022-05-16 16:05:262 INFO  ManageDriver :31 - Launching Chrome Browser
2022-05-16 16:05:121 INFO  HomePage :47 - Click on woman tab link : [[ChromeDriver: chrome on WINDOWS (b8b1e122572cf77fcf6e005acd25a616)] -> link text: Women]
2022-05-16 16:05:714 INFO  WomenCategoryPage :54 - Click on product : [[[ChromeDriver: chrome on WINDOWS (b8b1e122572cf77fcf6e005acd25a616)] -> xpath: //a[@class='product-name']], [[ChromeDriver: chrome on WINDOWS (b8b1e122572cf77fcf6e005acd25a616)] -> xpath: //a[@class='product-name']], [[ChromeDriver: chrome on WINDOWS (b8b1e122572cf77fcf6e005acd25a616)] -> xpath: //a[@class='product-name']], [[ChromeDriver: chrome on WINDOWS (b8b1e122572cf77fcf6e005acd25a616)] -> xpath: //a[@class='product-name']], [[ChromeDriver: chrome on WINDOWS (b8b1e122572cf77fcf6e005acd25a616)] -> xpath: //a[@class='product-name']], [[ChromeDriver: chrome on WINDOWS (b8b1e122572cf77fcf6e005acd25a616)] -> xpath: //a[@class='product-name']], [[ChromeDriver: chrome on WINDOWS (b8b1e122572cf77fcf6e005acd25a616)] -> xpath: //a[@class='product-name']], [[ChromeDriver: chrome on WINDOWS (b8b1e122572cf77fcf6e005acd25a616)] -> xpath: //a[@class='product-name']]]
2022-05-16 16:05:627 INFO  ProductPage :48 - Enter quantity : [[ChromeDriver: chrome on WINDOWS (b8b1e122572cf77fcf6e005acd25a616)] -> xpath: //input[@id='quantity_wanted']]
2022-05-16 16:05:902 INFO  ProductPage :64 - Select size from dropdown : [[ChromeDriver: chrome on WINDOWS (b8b1e122572cf77fcf6e005acd25a616)] -> css selector: #group_1]
2022-05-16 16:05:27 INFO  ProductPage :58 - Click on colour : [[ChromeDriver: chrome on WINDOWS (b8b1e122572cf77fcf6e005acd25a616)] -> xpath: //ul[@id='color_to_pick_list']//li]
2022-05-16 16:05:120 INFO  ProductPage :53 - Click on add cart : [[ChromeDriver: chrome on WINDOWS (b8b1e122572cf77fcf6e005acd25a616)] -> xpath: //span[contains(text(),'Add to cart')]]
2022-05-16 16:05:291 INFO  ManageDriver :31 - Launching Chrome Browser
2022-05-16 16:05:477 INFO  HomePage :47 - Click on woman tab link : [[ChromeDriver: chrome on WINDOWS (89cf81f4cf41ea092f9cb5d644883b93)] -> link text: Women]
